2021-05-13 18:28:18.937  INFO 15224 --- [restartedMain] c.e.minifaceapp.MinifaceappApplication   : Starting MinifaceappApplication using Java 11.0.10 on DESKTOP-OO5E1GI with PID 15224 (D:\eclipse-spring\minifaceapp\target\classes started by Darjan in D:\eclipse-spring\minifaceapp)
2021-05-13 18:28:18.942  INFO 15224 --- [restartedMain] c.e.minifaceapp.MinifaceappApplication   : No active profile set, falling back to default profiles: default
2021-05-13 18:28:18.984  INFO 15224 --- [restartedMain] o.s.b.devtools.restart.ChangeableUrls    : The Class-Path manifest attribute in C:\Users\Darjan\.m2\repository\com\oracle\database\jdbc\ojdbc8\19.8.0.0\ojdbc8-19.8.0.0.jar referenced one or more files that do not exist: file:/C:/Users/Darjan/.m2/repository/com/oracle/database/jdbc/ojdbc8/19.8.0.0/oraclepki.jar
2021-05-13 18:28:18.985  INFO 15224 --- [restartedMain] .e.DevToolsPropertyDefaultsPostProcessor : Devtools property defaults active! Set 'spring.devtools.add-properties' to 'false' to disable
2021-05-13 18:28:18.985  INFO 15224 --- [restartedMain] .e.DevToolsPropertyDefaultsPostProcessor : For additional web related logging consider setting the 'logging.level.web' property to 'DEBUG'
2021-05-13 18:28:19.597  INFO 15224 --- [restartedMain] .s.d.r.c.RepositoryConfigurationDelegate : Bootstrapping Spring Data JPA repositories in DEFAULT mode.
2021-05-13 18:28:19.663  INFO 15224 --- [restartedMain] .s.d.r.c.RepositoryConfigurationDelegate : Finished Spring Data repository scanning in 59 ms. Found 8 JPA repository interfaces.
2021-05-13 18:28:20.273  INFO 15224 --- [restartedMain] o.s.b.w.embedded.tomcat.TomcatWebServer  : Tomcat initialized with port(s): 8080 (http)
2021-05-13 18:28:20.286  INFO 15224 --- [restartedMain] o.apache.catalina.core.StandardService   : Starting service [Tomcat]
2021-05-13 18:28:20.286  INFO 15224 --- [restartedMain] org.apache.catalina.core.StandardEngine  : Starting Servlet engine: [Apache Tomcat/9.0.45]
2021-05-13 18:28:21.032  INFO 15224 --- [restartedMain] org.apache.jasper.servlet.TldScanner     : At least one JAR was scanned for TLDs yet contained no TLDs. Enable debug logging for this logger for a complete list of JARs that were scanned but no TLDs were found in them. Skipping unneeded JARs during scanning can improve startup time and JSP compilation time.
2021-05-13 18:28:21.043  INFO 15224 --- [restartedMain] o.a.c.c.C.[.[localhost].[/miniFaceApp]   : Initializing Spring embedded WebApplicationContext
2021-05-13 18:28:21.044  INFO 15224 --- [restartedMain] w.s.c.ServletWebServerApplicationContext : Root WebApplicationContext: initialization completed in 2058 ms
2021-05-13 18:28:21.160  WARN 15224 --- [restartedMain] o.a.c.c.C.[.[localhost].[/miniFaceApp]   : Cannot deserialize session attribute [SPRING_SECURITY_CONTEXT] for session [8086E5FEC81A11EE830F966B0E2C6B36]
2021-05-13 18:28:21.511  INFO 15224 --- [restartedMain] o.hibernate.jpa.internal.util.LogHelper  : HHH000204: Processing PersistenceUnitInfo [name: default]
2021-05-13 18:28:21.653  INFO 15224 --- [restartedMain] org.hibernate.Version                    : HHH000412: Hibernate ORM core version 5.4.30.Final
2021-05-13 18:28:21.894  INFO 15224 --- [restartedMain] o.hibernate.annotations.common.Version   : HCANN000001: Hibernate Commons Annotations {5.1.2.Final}
2021-05-13 18:28:22.034  INFO 15224 --- [restartedMain] com.zaxxer.hikari.HikariDataSource       : HikariPoolBooks - Starting...
2021-05-13 18:28:22.606  INFO 15224 --- [restartedMain] com.zaxxer.hikari.HikariDataSource       : HikariPoolBooks - Start completed.
2021-05-13 18:28:22.625  INFO 15224 --- [restartedMain] org.hibernate.dialect.Dialect            : HHH000400: Using dialect: org.hibernate.dialect.Oracle12cDialect
2021-05-13 18:28:26.459  INFO 15224 --- [restartedMain] o.h.e.t.j.p.i.JtaPlatformInitiator       : HHH000490: Using JtaPlatform implementation: [org.hibernate.engine.transaction.jta.platform.internal.NoJtaPlatform]
2021-05-13 18:28:26.472  INFO 15224 --- [restartedMain] j.LocalContainerEntityManagerFactoryBean : Initialized JPA EntityManagerFactory for persistence unit 'default'
2021-05-13 18:28:26.502  INFO 15224 --- [restartedMain] o.s.b.d.a.OptionalLiveReloadServer       : LiveReload server is running on port 35729
2021-05-13 18:28:27.087  WARN 15224 --- [restartedMain] JpaBaseConfiguration$JpaWebConfiguration : spring.jpa.open-in-view is enabled by default. Therefore, database queries may be performed during view rendering. Explicitly configure spring.jpa.open-in-view to disable this warning
2021-05-13 18:28:27.228  INFO 15224 --- [restartedMain] o.s.s.web.DefaultSecurityFilterChain     : Will secure any request with [org.springframework.security.web.context.request.async.WebAsyncManagerIntegrationFilter@4a952d06, org.springframework.security.web.context.SecurityContextPersistenceFilter@24060fc0, org.springframework.security.web.header.HeaderWriterFilter@2604cc14, org.springframework.security.web.authentication.logout.LogoutFilter@7f5c64ce, org.springframework.security.web.authentication.UsernamePasswordAuthenticationFilter@2115f627, org.springframework.security.web.savedrequest.RequestCacheAwareFilter@62beefed, org.springframework.security.web.servletapi.SecurityContextHolderAwareRequestFilter@2eb8882f, org.springframework.security.web.authentication.AnonymousAuthenticationFilter@16c73d0c, org.springframework.security.web.session.SessionManagementFilter@47d9c490, org.springframework.security.web.access.ExceptionTranslationFilter@39ef75b5, org.springframework.security.web.access.intercept.FilterSecurityInterceptor@51c9be3d]
2021-05-13 18:28:27.325  INFO 15224 --- [restartedMain] o.s.s.concurrent.ThreadPoolTaskExecutor  : Initializing ExecutorService 'applicationTaskExecutor'
2021-05-13 18:28:27.552  INFO 15224 --- [restartedMain] o.s.b.w.embedded.tomcat.TomcatWebServer  : Tomcat started on port(s): 8080 (http) with context path '/miniFaceApp'
2021-05-13 18:28:27.560  INFO 15224 --- [restartedMain] c.e.minifaceapp.MinifaceappApplication   : Started MinifaceappApplication in 8.978 seconds (JVM running for 10.035)
2021-05-13 18:28:27.843  INFO 15224 --- [http-nio-8080-exec-2] o.a.c.c.C.[.[localhost].[/miniFaceApp]   : Initializing Spring DispatcherServlet 'dispatcherServlet'
2021-05-13 18:28:27.844  INFO 15224 --- [http-nio-8080-exec-2] o.s.web.servlet.DispatcherServlet        : Initializing Servlet 'dispatcherServlet'
2021-05-13 18:28:27.845  INFO 15224 --- [http-nio-8080-exec-2] o.s.web.servlet.DispatcherServlet        : Completed initialization in 1 ms
2021-05-13 18:28:28.755  WARN 15224 --- [http-nio-8080-exec-2] o.a.c.util.SessionIdGeneratorBase        : Creation of SecureRandom instance for session ID generation using [SHA1PRNG] took [271] milliseconds.
2021-05-13 18:31:27.869  INFO 15224 --- [Thread-8] o.s.s.concurrent.ThreadPoolTaskExecutor  : Shutting down ExecutorService 'applicationTaskExecutor'
2021-05-13 18:31:27.871  INFO 15224 --- [Thread-8] j.LocalContainerEntityManagerFactoryBean : Closing JPA EntityManagerFactory for persistence unit 'default'
2021-05-13 18:31:27.875  INFO 15224 --- [Thread-8] com.zaxxer.hikari.HikariDataSource       : HikariPoolBooks - Shutdown initiated...
2021-05-13 18:31:27.883  INFO 15224 --- [Thread-8] com.zaxxer.hikari.HikariDataSource       : HikariPoolBooks - Shutdown completed.
2021-05-13 18:31:27.957  INFO 15224 --- [restartedMain] c.e.minifaceapp.MinifaceappApplication   : Starting MinifaceappApplication using Java 11.0.10 on DESKTOP-OO5E1GI with PID 15224 (D:\eclipse-spring\minifaceapp\target\classes started by Darjan in D:\eclipse-spring\minifaceapp)
2021-05-13 18:31:27.957  INFO 15224 --- [restartedMain] c.e.minifaceapp.MinifaceappApplication   : No active profile set, falling back to default profiles: default
2021-05-13 18:31:28.125  INFO 15224 --- [restartedMain] .s.d.r.c.RepositoryConfigurationDelegate : Bootstrapping Spring Data JPA repositories in DEFAULT mode.
2021-05-13 18:31:28.154  INFO 15224 --- [restartedMain] .s.d.r.c.RepositoryConfigurationDelegate : Finished Spring Data repository scanning in 28 ms. Found 8 JPA repository interfaces.
2021-05-13 18:31:28.235  INFO 15224 --- [restartedMain] o.s.b.w.embedded.tomcat.TomcatWebServer  : Tomcat initialized with port(s): 8080 (http)
2021-05-13 18:31:28.236  INFO 15224 --- [restartedMain] o.apache.catalina.core.StandardService   : Starting service [Tomcat]
2021-05-13 18:31:28.236  INFO 15224 --- [restartedMain] org.apache.catalina.core.StandardEngine  : Starting Servlet engine: [Apache Tomcat/9.0.45]
2021-05-13 18:31:28.301  INFO 15224 --- [restartedMain] org.apache.jasper.servlet.TldScanner     : At least one JAR was scanned for TLDs yet contained no TLDs. Enable debug logging for this logger for a complete list of JARs that were scanned but no TLDs were found in them. Skipping unneeded JARs during scanning can improve startup time and JSP compilation time.
2021-05-13 18:31:28.303  INFO 15224 --- [restartedMain] o.a.c.c.C.[.[localhost].[/miniFaceApp]   : Initializing Spring embedded WebApplicationContext
2021-05-13 18:31:28.303  INFO 15224 --- [restartedMain] w.s.c.ServletWebServerApplicationContext : Root WebApplicationContext: initialization completed in 344 ms
2021-05-13 18:31:28.312  WARN 15224 --- [restartedMain] o.a.c.c.C.[.[localhost].[/miniFaceApp]   : Cannot deserialize session attribute [SPRING_SECURITY_CONTEXT] for session [9F3D53A79406845C15DF5A53E7905880]
2021-05-13 18:31:28.338  INFO 15224 --- [restartedMain] o.hibernate.jpa.internal.util.LogHelper  : HHH000204: Processing PersistenceUnitInfo [name: default]
2021-05-13 18:31:28.342  INFO 15224 --- [restartedMain] com.zaxxer.hikari.HikariDataSource       : HikariPoolBooks - Starting...
2021-05-13 18:31:28.395  INFO 15224 --- [restartedMain] com.zaxxer.hikari.HikariDataSource       : HikariPoolBooks - Start completed.
2021-05-13 18:31:28.395  INFO 15224 --- [restartedMain] org.hibernate.dialect.Dialect            : HHH000400: Using dialect: org.hibernate.dialect.Oracle12cDialect
2021-05-13 18:31:28.857  INFO 15224 --- [restartedMain] o.h.e.t.j.p.i.JtaPlatformInitiator       : HHH000490: Using JtaPlatform implementation: [org.hibernate.engine.transaction.jta.platform.internal.NoJtaPlatform]
2021-05-13 18:31:28.857  INFO 15224 --- [restartedMain] j.LocalContainerEntityManagerFactoryBean : Initialized JPA EntityManagerFactory for persistence unit 'default'
2021-05-13 18:31:28.866  INFO 15224 --- [restartedMain] o.s.b.d.a.OptionalLiveReloadServer       : LiveReload server is running on port 35729
2021-05-13 18:31:29.062  WARN 15224 --- [restartedMain] JpaBaseConfiguration$JpaWebConfiguration : spring.jpa.open-in-view is enabled by default. Therefore, database queries may be performed during view rendering. Explicitly configure spring.jpa.open-in-view to disable this warning
2021-05-13 18:31:29.081  INFO 15224 --- [restartedMain] o.s.s.web.DefaultSecurityFilterChain     : Will secure any request with [org.springframework.security.web.context.request.async.WebAsyncManagerIntegrationFilter@1f3df666, org.springframework.security.web.context.SecurityContextPersistenceFilter@3e6ad672, org.springframework.security.web.header.HeaderWriterFilter@69a33686, org.springframework.security.web.authentication.logout.LogoutFilter@9ac16bc, org.springframework.security.web.authentication.UsernamePasswordAuthenticationFilter@771435a8, org.springframework.security.web.savedrequest.RequestCacheAwareFilter@16035b14, org.springframework.security.web.servletapi.SecurityContextHolderAwareRequestFilter@66644854, org.springframework.security.web.authentication.AnonymousAuthenticationFilter@19bce8f5, org.springframework.security.web.session.SessionManagementFilter@1102cf8c, org.springframework.security.web.access.ExceptionTranslationFilter@5e1edbf0, org.springframework.security.web.access.intercept.FilterSecurityInterceptor@7948a9a5]
2021-05-13 18:31:29.108  INFO 15224 --- [restartedMain] o.s.s.concurrent.ThreadPoolTaskExecutor  : Initializing ExecutorService 'applicationTaskExecutor'
2021-05-13 18:31:29.160  INFO 15224 --- [restartedMain] o.s.b.w.embedded.tomcat.TomcatWebServer  : Tomcat started on port(s): 8080 (http) with context path '/miniFaceApp'
2021-05-13 18:31:29.163  INFO 15224 --- [restartedMain] c.e.minifaceapp.MinifaceappApplication   : Started MinifaceappApplication in 1.229 seconds (JVM running for 191.639)
2021-05-13 18:31:29.165  INFO 15224 --- [restartedMain] .ConditionEvaluationDeltaLoggingListener : Condition evaluation unchanged
2021-05-13 18:31:52.272  INFO 15224 --- [Thread-30] o.s.s.concurrent.ThreadPoolTaskExecutor  : Shutting down ExecutorService 'applicationTaskExecutor'
2021-05-13 18:31:52.274  INFO 15224 --- [Thread-30] j.LocalContainerEntityManagerFactoryBean : Closing JPA EntityManagerFactory for persistence unit 'default'
2021-05-13 18:31:52.274  INFO 15224 --- [Thread-30] com.zaxxer.hikari.HikariDataSource       : HikariPoolBooks - Shutdown initiated...
2021-05-13 18:31:52.278  INFO 15224 --- [Thread-30] com.zaxxer.hikari.HikariDataSource       : HikariPoolBooks - Shutdown completed.
2021-05-13 18:31:52.344  INFO 15224 --- [restartedMain] c.e.minifaceapp.MinifaceappApplication   : Starting MinifaceappApplication using Java 11.0.10 on DESKTOP-OO5E1GI with PID 15224 (D:\eclipse-spring\minifaceapp\target\classes started by Darjan in D:\eclipse-spring\minifaceapp)
2021-05-13 18:31:52.344  INFO 15224 --- [restartedMain] c.e.minifaceapp.MinifaceappApplication   : No active profile set, falling back to default profiles: default
2021-05-13 18:31:52.489  INFO 15224 --- [restartedMain] .s.d.r.c.RepositoryConfigurationDelegate : Bootstrapping Spring Data JPA repositories in DEFAULT mode.
2021-05-13 18:31:52.517  INFO 15224 --- [restartedMain] .s.d.r.c.RepositoryConfigurationDelegate : Finished Spring Data repository scanning in 26 ms. Found 8 JPA repository interfaces.
2021-05-13 18:31:52.590  INFO 15224 --- [restartedMain] o.s.b.w.embedded.tomcat.TomcatWebServer  : Tomcat initialized with port(s): 8080 (http)
2021-05-13 18:31:52.591  INFO 15224 --- [restartedMain] o.apache.catalina.core.StandardService   : Starting service [Tomcat]
2021-05-13 18:31:52.591  INFO 15224 --- [restartedMain] org.apache.catalina.core.StandardEngine  : Starting Servlet engine: [Apache Tomcat/9.0.45]
2021-05-13 18:31:52.649  INFO 15224 --- [restartedMain] org.apache.jasper.servlet.TldScanner     : At least one JAR was scanned for TLDs yet contained no TLDs. Enable debug logging for this logger for a complete list of JARs that were scanned but no TLDs were found in them. Skipping unneeded JARs during scanning can improve startup time and JSP compilation time.
2021-05-13 18:31:52.651  INFO 15224 --- [restartedMain] o.a.c.c.C.[.[localhost].[/miniFaceApp]   : Initializing Spring embedded WebApplicationContext
2021-05-13 18:31:52.651  INFO 15224 --- [restartedMain] w.s.c.ServletWebServerApplicationContext : Root WebApplicationContext: initialization completed in 305 ms
2021-05-13 18:31:52.680  INFO 15224 --- [restartedMain] o.hibernate.jpa.internal.util.LogHelper  : HHH000204: Processing PersistenceUnitInfo [name: default]
2021-05-13 18:31:52.683  INFO 15224 --- [restartedMain] com.zaxxer.hikari.HikariDataSource       : HikariPoolBooks - Starting...
2021-05-13 18:31:52.735  INFO 15224 --- [restartedMain] com.zaxxer.hikari.HikariDataSource       : HikariPoolBooks - Start completed.
2021-05-13 18:31:52.735  INFO 15224 --- [restartedMain] org.hibernate.dialect.Dialect            : HHH000400: Using dialect: org.hibernate.dialect.Oracle12cDialect
2021-05-13 18:31:53.125  INFO 15224 --- [restartedMain] o.h.e.t.j.p.i.JtaPlatformInitiator       : HHH000490: Using JtaPlatform implementation: [org.hibernate.engine.transaction.jta.platform.internal.NoJtaPlatform]
2021-05-13 18:31:53.125  INFO 15224 --- [restartedMain] j.LocalContainerEntityManagerFactoryBean : Initialized JPA EntityManagerFactory for persistence unit 'default'
2021-05-13 18:31:53.132  INFO 15224 --- [restartedMain] o.s.b.d.a.OptionalLiveReloadServer       : LiveReload server is running on port 35729
2021-05-13 18:31:53.308  WARN 15224 --- [restartedMain] JpaBaseConfiguration$JpaWebConfiguration : spring.jpa.open-in-view is enabled by default. Therefore, database queries may be performed during view rendering. Explicitly configure spring.jpa.open-in-view to disable this warning
2021-05-13 18:31:53.327  INFO 15224 --- [restartedMain] o.s.s.web.DefaultSecurityFilterChain     : Will secure any request with [org.springframework.security.web.context.request.async.WebAsyncManagerIntegrationFilter@509eb391, org.springframework.security.web.context.SecurityContextPersistenceFilter@5fc3a3df, org.springframework.security.web.header.HeaderWriterFilter@2ea5f883, org.springframework.security.web.authentication.logout.LogoutFilter@b20c2df, org.springframework.security.web.authentication.UsernamePasswordAuthenticationFilter@3c21aae6, org.springframework.security.web.savedrequest.RequestCacheAwareFilter@13e6f741, org.springframework.security.web.servletapi.SecurityContextHolderAwareRequestFilter@1206645e, org.springframework.security.web.authentication.AnonymousAuthenticationFilter@6915cd38, org.springframework.security.web.session.SessionManagementFilter@3eb112b, org.springframework.security.web.access.ExceptionTranslationFilter@155b2640, org.springframework.security.web.access.intercept.FilterSecurityInterceptor@5c352031]
2021-05-13 18:31:53.351  INFO 15224 --- [restartedMain] o.s.s.concurrent.ThreadPoolTaskExecutor  : Initializing ExecutorService 'applicationTaskExecutor'
2021-05-13 18:31:53.399  INFO 15224 --- [restartedMain] o.s.b.w.embedded.tomcat.TomcatWebServer  : Tomcat started on port(s): 8080 (http) with context path '/miniFaceApp'
2021-05-13 18:31:53.402  INFO 15224 --- [restartedMain] c.e.minifaceapp.MinifaceappApplication   : Started MinifaceappApplication in 1.078 seconds (JVM running for 215.876)
2021-05-13 18:31:53.403  INFO 15224 --- [restartedMain] .ConditionEvaluationDeltaLoggingListener : Condition evaluation unchanged
2021-05-13 18:32:09.382  INFO 15224 --- [Thread-36] o.s.s.concurrent.ThreadPoolTaskExecutor  : Shutting down ExecutorService 'applicationTaskExecutor'
2021-05-13 18:32:09.383  INFO 15224 --- [Thread-36] j.LocalContainerEntityManagerFactoryBean : Closing JPA EntityManagerFactory for persistence unit 'default'
2021-05-13 18:32:09.384  INFO 15224 --- [Thread-36] com.zaxxer.hikari.HikariDataSource       : HikariPoolBooks - Shutdown initiated...
2021-05-13 18:32:09.388  INFO 15224 --- [Thread-36] com.zaxxer.hikari.HikariDataSource       : HikariPoolBooks - Shutdown completed.
2021-05-13 18:32:09.452  INFO 15224 --- [restartedMain] c.e.minifaceapp.MinifaceappApplication   : Starting MinifaceappApplication using Java 11.0.10 on DESKTOP-OO5E1GI with PID 15224 (D:\eclipse-spring\minifaceapp\target\classes started by Darjan in D:\eclipse-spring\minifaceapp)
2021-05-13 18:32:09.453  INFO 15224 --- [restartedMain] c.e.minifaceapp.MinifaceappApplication   : No active profile set, falling back to default profiles: default
2021-05-13 18:32:09.595  INFO 15224 --- [restartedMain] .s.d.r.c.RepositoryConfigurationDelegate : Bootstrapping Spring Data JPA repositories in DEFAULT mode.
2021-05-13 18:32:09.619  INFO 15224 --- [restartedMain] .s.d.r.c.RepositoryConfigurationDelegate : Finished Spring Data repository scanning in 23 ms. Found 8 JPA repository interfaces.
2021-05-13 18:32:09.691  INFO 15224 --- [restartedMain] o.s.b.w.embedded.tomcat.TomcatWebServer  : Tomcat initialized with port(s): 8080 (http)
2021-05-13 18:32:09.691  INFO 15224 --- [restartedMain] o.apache.catalina.core.StandardService   : Starting service [Tomcat]
2021-05-13 18:32:09.691  INFO 15224 --- [restartedMain] org.apache.catalina.core.StandardEngine  : Starting Servlet engine: [Apache Tomcat/9.0.45]
2021-05-13 18:32:09.746  INFO 15224 --- [restartedMain] org.apache.jasper.servlet.TldScanner     : At least one JAR was scanned for TLDs yet contained no TLDs. Enable debug logging for this logger for a complete list of JARs that were scanned but no TLDs were found in them. Skipping unneeded JARs during scanning can improve startup time and JSP compilation time.
2021-05-13 18:32:09.748  INFO 15224 --- [restartedMain] o.a.c.c.C.[.[localhost].[/miniFaceApp]   : Initializing Spring embedded WebApplicationContext
2021-05-13 18:32:09.748  INFO 15224 --- [restartedMain] w.s.c.ServletWebServerApplicationContext : Root WebApplicationContext: initialization completed in 294 ms
2021-05-13 18:32:09.777  INFO 15224 --- [restartedMain] o.hibernate.jpa.internal.util.LogHelper  : HHH000204: Processing PersistenceUnitInfo [name: default]
2021-05-13 18:32:09.781  INFO 15224 --- [restartedMain] com.zaxxer.hikari.HikariDataSource       : HikariPoolBooks - Starting...
2021-05-13 18:32:09.835  INFO 15224 --- [restartedMain] com.zaxxer.hikari.HikariDataSource       : HikariPoolBooks - Start completed.
2021-05-13 18:32:09.835  INFO 15224 --- [restartedMain] org.hibernate.dialect.Dialect            : HHH000400: Using dialect: org.hibernate.dialect.Oracle12cDialect
2021-05-13 18:32:10.213  INFO 15224 --- [restartedMain] o.h.e.t.j.p.i.JtaPlatformInitiator       : HHH000490: Using JtaPlatform implementation: [org.hibernate.engine.transaction.jta.platform.internal.NoJtaPlatform]
2021-05-13 18:32:10.213  INFO 15224 --- [restartedMain] j.LocalContainerEntityManagerFactoryBean : Initialized JPA EntityManagerFactory for persistence unit 'default'
2021-05-13 18:32:10.221  INFO 15224 --- [restartedMain] o.s.b.d.a.OptionalLiveReloadServer       : LiveReload server is running on port 35729
2021-05-13 18:32:10.383  WARN 15224 --- [restartedMain] JpaBaseConfiguration$JpaWebConfiguration : spring.jpa.open-in-view is enabled by default. Therefore, database queries may be performed during view rendering. Explicitly configure spring.jpa.open-in-view to disable this warning
2021-05-13 18:32:10.402  INFO 15224 --- [restartedMain] o.s.s.web.DefaultSecurityFilterChain     : Will secure any request with [org.springframework.security.web.context.request.async.WebAsyncManagerIntegrationFilter@5881c0dd, org.springframework.security.web.context.SecurityContextPersistenceFilter@1856b730, org.springframework.security.web.header.HeaderWriterFilter@35d4b84d, org.springframework.security.web.authentication.logout.LogoutFilter@f631d22, org.springframework.security.web.authentication.UsernamePasswordAuthenticationFilter@7e7aa58f, org.springframework.security.web.savedrequest.RequestCacheAwareFilter@1505aa46, org.springframework.security.web.servletapi.SecurityContextHolderAwareRequestFilter@5037e7b, org.springframework.security.web.authentication.AnonymousAuthenticationFilter@5209f4c, org.springframework.security.web.session.SessionManagementFilter@a55aa00, org.springframework.security.web.access.ExceptionTranslationFilter@74df302c, org.springframework.security.web.access.intercept.FilterSecurityInterceptor@432cb7b5]
2021-05-13 18:32:10.425  INFO 15224 --- [restartedMain] o.s.s.concurrent.ThreadPoolTaskExecutor  : Initializing ExecutorService 'applicationTaskExecutor'
2021-05-13 18:32:10.474  INFO 15224 --- [restartedMain] o.s.b.w.embedded.tomcat.TomcatWebServer  : Tomcat started on port(s): 8080 (http) with context path '/miniFaceApp'
2021-05-13 18:32:10.478  INFO 15224 --- [restartedMain] c.e.minifaceapp.MinifaceappApplication   : Started MinifaceappApplication in 1.044 seconds (JVM running for 232.952)
2021-05-13 18:32:10.479  INFO 15224 --- [restartedMain] .ConditionEvaluationDeltaLoggingListener : Condition evaluation unchanged
2021-05-13 18:32:24.410  INFO 15224 --- [Thread-42] o.s.s.concurrent.ThreadPoolTaskExecutor  : Shutting down ExecutorService 'applicationTaskExecutor'
2021-05-13 18:32:24.411  INFO 15224 --- [Thread-42] j.LocalContainerEntityManagerFactoryBean : Closing JPA EntityManagerFactory for persistence unit 'default'
2021-05-13 18:32:24.412  INFO 15224 --- [Thread-42] com.zaxxer.hikari.HikariDataSource       : HikariPoolBooks - Shutdown initiated...
2021-05-13 18:32:24.415  INFO 15224 --- [Thread-42] com.zaxxer.hikari.HikariDataSource       : HikariPoolBooks - Shutdown completed.
2021-05-13 18:32:24.477  INFO 15224 --- [restartedMain] c.e.minifaceapp.MinifaceappApplication   : Starting MinifaceappApplication using Java 11.0.10 on DESKTOP-OO5E1GI with PID 15224 (D:\eclipse-spring\minifaceapp\target\classes started by Darjan in D:\eclipse-spring\minifaceapp)
2021-05-13 18:32:24.477  INFO 15224 --- [restartedMain] c.e.minifaceapp.MinifaceappApplication   : No active profile set, falling back to default profiles: default
2021-05-13 18:32:24.625  INFO 15224 --- [restartedMain] .s.d.r.c.RepositoryConfigurationDelegate : Bootstrapping Spring Data JPA repositories in DEFAULT mode.
2021-05-13 18:32:24.652  INFO 15224 --- [restartedMain] .s.d.r.c.RepositoryConfigurationDelegate : Finished Spring Data repository scanning in 27 ms. Found 8 JPA repository interfaces.
2021-05-13 18:32:24.724  INFO 15224 --- [restartedMain] o.s.b.w.embedded.tomcat.TomcatWebServer  : Tomcat initialized with port(s): 8080 (http)
2021-05-13 18:32:24.725  INFO 15224 --- [restartedMain] o.apache.catalina.core.StandardService   : Starting service [Tomcat]
2021-05-13 18:32:24.725  INFO 15224 --- [restartedMain] org.apache.catalina.core.StandardEngine  : Starting Servlet engine: [Apache Tomcat/9.0.45]
2021-05-13 18:32:24.779  INFO 15224 --- [restartedMain] org.apache.jasper.servlet.TldScanner     : At least one JAR was scanned for TLDs yet contained no TLDs. Enable debug logging for this logger for a complete list of JARs that were scanned but no TLDs were found in them. Skipping unneeded JARs during scanning can improve startup time and JSP compilation time.
2021-05-13 18:32:24.781  INFO 15224 --- [restartedMain] o.a.c.c.C.[.[localhost].[/miniFaceApp]   : Initializing Spring embedded WebApplicationContext
2021-05-13 18:32:24.781  INFO 15224 --- [restartedMain] w.s.c.ServletWebServerApplicationContext : Root WebApplicationContext: initialization completed in 302 ms
2021-05-13 18:32:24.811  INFO 15224 --- [restartedMain] o.hibernate.jpa.internal.util.LogHelper  : HHH000204: Processing PersistenceUnitInfo [name: default]
2021-05-13 18:32:24.815  INFO 15224 --- [restartedMain] com.zaxxer.hikari.HikariDataSource       : HikariPoolBooks - Starting...
2021-05-13 18:32:24.871  INFO 15224 --- [restartedMain] com.zaxxer.hikari.HikariDataSource       : HikariPoolBooks - Start completed.
2021-05-13 18:32:24.871  INFO 15224 --- [restartedMain] org.hibernate.dialect.Dialect            : HHH000400: Using dialect: org.hibernate.dialect.Oracle12cDialect
2021-05-13 18:32:25.259  INFO 15224 --- [restartedMain] o.h.e.t.j.p.i.JtaPlatformInitiator       : HHH000490: Using JtaPlatform implementation: [org.hibernate.engine.transaction.jta.platform.internal.NoJtaPlatform]
2021-05-13 18:32:25.259  INFO 15224 --- [restartedMain] j.LocalContainerEntityManagerFactoryBean : Initialized JPA EntityManagerFactory for persistence unit 'default'
2021-05-13 18:32:25.266  INFO 15224 --- [restartedMain] o.s.b.d.a.OptionalLiveReloadServer       : LiveReload server is running on port 35729
2021-05-13 18:32:25.431  WARN 15224 --- [restartedMain] JpaBaseConfiguration$JpaWebConfiguration : spring.jpa.open-in-view is enabled by default. Therefore, database queries may be performed during view rendering. Explicitly configure spring.jpa.open-in-view to disable this warning
2021-05-13 18:32:25.449  INFO 15224 --- [restartedMain] o.s.s.web.DefaultSecurityFilterChain     : Will secure any request with [org.springframework.security.web.context.request.async.WebAsyncManagerIntegrationFilter@5631b0f8, org.springframework.security.web.context.SecurityContextPersistenceFilter@3f250213, org.springframework.security.web.header.HeaderWriterFilter@3cc676e5, org.springframework.security.web.authentication.logout.LogoutFilter@504cdb8d, org.springframework.security.web.authentication.UsernamePasswordAuthenticationFilter@43b57b49, org.springframework.security.web.savedrequest.RequestCacheAwareFilter@4d3066a1, org.springframework.security.web.servletapi.SecurityContextHolderAwareRequestFilter@42ce50bc, org.springframework.security.web.authentication.AnonymousAuthenticationFilter@44974c0f, org.springframework.security.web.session.SessionManagementFilter@6a6de91d, org.springframework.security.web.access.ExceptionTranslationFilter@5a450442, org.springframework.security.web.access.intercept.FilterSecurityInterceptor@f917846]
2021-05-13 18:32:25.473  INFO 15224 --- [restartedMain] o.s.s.concurrent.ThreadPoolTaskExecutor  : Initializing ExecutorService 'applicationTaskExecutor'
2021-05-13 18:32:25.520  INFO 15224 --- [restartedMain] o.s.b.w.embedded.tomcat.TomcatWebServer  : Tomcat started on port(s): 8080 (http) with context path '/miniFaceApp'
2021-05-13 18:32:25.523  INFO 15224 --- [restartedMain] c.e.minifaceapp.MinifaceappApplication   : Started MinifaceappApplication in 1.064 seconds (JVM running for 247.998)
2021-05-13 18:32:25.524  INFO 15224 --- [restartedMain] .ConditionEvaluationDeltaLoggingListener : Condition evaluation unchanged
2021-05-13 18:32:30.308  INFO 15224 --- [Thread-48] o.s.s.concurrent.ThreadPoolTaskExecutor  : Shutting down ExecutorService 'applicationTaskExecutor'
2021-05-13 18:32:30.309  INFO 15224 --- [Thread-48] j.LocalContainerEntityManagerFactoryBean : Closing JPA EntityManagerFactory for persistence unit 'default'
2021-05-13 18:32:30.310  INFO 15224 --- [Thread-48] com.zaxxer.hikari.HikariDataSource       : HikariPoolBooks - Shutdown initiated...
2021-05-13 18:32:30.313  INFO 15224 --- [Thread-48] com.zaxxer.hikari.HikariDataSource       : HikariPoolBooks - Shutdown completed.
2021-05-13 18:32:30.375  INFO 15224 --- [restartedMain] c.e.minifaceapp.MinifaceappApplication   : Starting MinifaceappApplication using Java 11.0.10 on DESKTOP-OO5E1GI with PID 15224 (D:\eclipse-spring\minifaceapp\target\classes started by Darjan in D:\eclipse-spring\minifaceapp)
2021-05-13 18:32:30.375  INFO 15224 --- [restartedMain] c.e.minifaceapp.MinifaceappApplication   : No active profile set, falling back to default profiles: default
2021-05-13 18:32:30.521  INFO 15224 --- [restartedMain] .s.d.r.c.RepositoryConfigurationDelegate : Bootstrapping Spring Data JPA repositories in DEFAULT mode.
2021-05-13 18:32:30.546  INFO 15224 --- [restartedMain] .s.d.r.c.RepositoryConfigurationDelegate : Finished Spring Data repository scanning in 24 ms. Found 8 JPA repository interfaces.
2021-05-13 18:32:30.624  INFO 15224 --- [restartedMain] o.s.b.w.embedded.tomcat.TomcatWebServer  : Tomcat initialized with port(s): 8080 (http)
2021-05-13 18:32:30.624  INFO 15224 --- [restartedMain] o.apache.catalina.core.StandardService   : Starting service [Tomcat]
2021-05-13 18:32:30.625  INFO 15224 --- [restartedMain] org.apache.catalina.core.StandardEngine  : Starting Servlet engine: [Apache Tomcat/9.0.45]
2021-05-13 18:32:30.678  INFO 15224 --- [restartedMain] org.apache.jasper.servlet.TldScanner     : At least one JAR was scanned for TLDs yet contained no TLDs. Enable debug logging for this logger for a complete list of JARs that were scanned but no TLDs were found in them. Skipping unneeded JARs during scanning can improve startup time and JSP compilation time.
2021-05-13 18:32:30.680  INFO 15224 --- [restartedMain] o.a.c.c.C.[.[localhost].[/miniFaceApp]   : Initializing Spring embedded WebApplicationContext
2021-05-13 18:32:30.680  INFO 15224 --- [restartedMain] w.s.c.ServletWebServerApplicationContext : Root WebApplicationContext: initialization completed in 302 ms
2021-05-13 18:32:30.707  INFO 15224 --- [restartedMain] o.hibernate.jpa.internal.util.LogHelper  : HHH000204: Processing PersistenceUnitInfo [name: default]
2021-05-13 18:32:30.712  INFO 15224 --- [restartedMain] com.zaxxer.hikari.HikariDataSource       : HikariPoolBooks - Starting...
2021-05-13 18:32:30.766  INFO 15224 --- [restartedMain] com.zaxxer.hikari.HikariDataSource       : HikariPoolBooks - Start completed.
2021-05-13 18:32:30.767  INFO 15224 --- [restartedMain] org.hibernate.dialect.Dialect            : HHH000400: Using dialect: org.hibernate.dialect.Oracle12cDialect
2021-05-13 18:32:31.144  INFO 15224 --- [restartedMain] o.h.e.t.j.p.i.JtaPlatformInitiator       : HHH000490: Using JtaPlatform implementation: [org.hibernate.engine.transaction.jta.platform.internal.NoJtaPlatform]
2021-05-13 18:32:31.145  INFO 15224 --- [restartedMain] j.LocalContainerEntityManagerFactoryBean : Initialized JPA EntityManagerFactory for persistence unit 'default'
2021-05-13 18:32:31.153  INFO 15224 --- [restartedMain] o.s.b.d.a.OptionalLiveReloadServer       : LiveReload server is running on port 35729
2021-05-13 18:32:31.325  WARN 15224 --- [restartedMain] JpaBaseConfiguration$JpaWebConfiguration : spring.jpa.open-in-view is enabled by default. Therefore, database queries may be performed during view rendering. Explicitly configure spring.jpa.open-in-view to disable this warning
2021-05-13 18:32:31.345  INFO 15224 --- [restartedMain] o.s.s.web.DefaultSecurityFilterChain     : Will secure any request with [org.springframework.security.web.context.request.async.WebAsyncManagerIntegrationFilter@337666a0, org.springframework.security.web.context.SecurityContextPersistenceFilter@23c83d4b, org.springframework.security.web.header.HeaderWriterFilter@62c2970d, org.springframework.security.web.authentication.logout.LogoutFilter@7971b272, org.springframework.security.web.authentication.UsernamePasswordAuthenticationFilter@6d5bfc84, org.springframework.security.web.savedrequest.RequestCacheAwareFilter@40d3c12f, org.springframework.security.web.servletapi.SecurityContextHolderAwareRequestFilter@365f4cc7, org.springframework.security.web.authentication.AnonymousAuthenticationFilter@2f72d3ac, org.springframework.security.web.session.SessionManagementFilter@60f9a759, org.springframework.security.web.access.ExceptionTranslationFilter@3c689d, org.springframework.security.web.access.intercept.FilterSecurityInterceptor@288ef7d]
2021-05-13 18:32:31.371  INFO 15224 --- [restartedMain] o.s.s.concurrent.ThreadPoolTaskExecutor  : Initializing ExecutorService 'applicationTaskExecutor'
2021-05-13 18:32:31.420  INFO 15224 --- [restartedMain] o.s.b.w.embedded.tomcat.TomcatWebServer  : Tomcat started on port(s): 8080 (http) with context path '/miniFaceApp'
2021-05-13 18:32:31.423  INFO 15224 --- [restartedMain] c.e.minifaceapp.MinifaceappApplication   : Started MinifaceappApplication in 1.065 seconds (JVM running for 253.899)
2021-05-13 18:32:31.425  INFO 15224 --- [restartedMain] .ConditionEvaluationDeltaLoggingListener : Condition evaluation unchanged
2021-05-13 18:33:25.153  INFO 15224 --- [Thread-54] o.s.s.concurrent.ThreadPoolTaskExecutor  : Shutting down ExecutorService 'applicationTaskExecutor'
2021-05-13 18:33:25.154  INFO 15224 --- [Thread-54] j.LocalContainerEntityManagerFactoryBean : Closing JPA EntityManagerFactory for persistence unit 'default'
2021-05-13 18:33:25.155  INFO 15224 --- [Thread-54] com.zaxxer.hikari.HikariDataSource       : HikariPoolBooks - Shutdown initiated...
2021-05-13 18:33:25.158  INFO 15224 --- [Thread-54] com.zaxxer.hikari.HikariDataSource       : HikariPoolBooks - Shutdown completed.
2021-05-13 18:33:25.224  INFO 15224 --- [restartedMain] c.e.minifaceapp.MinifaceappApplication   : Starting MinifaceappApplication using Java 11.0.10 on DESKTOP-OO5E1GI with PID 15224 (D:\eclipse-spring\minifaceapp\target\classes started by Darjan in D:\eclipse-spring\minifaceapp)
2021-05-13 18:33:25.224  INFO 15224 --- [restartedMain] c.e.minifaceapp.MinifaceappApplication   : No active profile set, falling back to default profiles: default
2021-05-13 18:33:25.366  INFO 15224 --- [restartedMain] .s.d.r.c.RepositoryConfigurationDelegate : Bootstrapping Spring Data JPA repositories in DEFAULT mode.
2021-05-13 18:33:25.389  INFO 15224 --- [restartedMain] .s.d.r.c.RepositoryConfigurationDelegate : Finished Spring Data repository scanning in 22 ms. Found 8 JPA repository interfaces.
2021-05-13 18:33:25.461  INFO 15224 --- [restartedMain] o.s.b.w.embedded.tomcat.TomcatWebServer  : Tomcat initialized with port(s): 8080 (http)
2021-05-13 18:33:25.461  INFO 15224 --- [restartedMain] o.apache.catalina.core.StandardService   : Starting service [Tomcat]
2021-05-13 18:33:25.461  INFO 15224 --- [restartedMain] org.apache.catalina.core.StandardEngine  : Starting Servlet engine: [Apache Tomcat/9.0.45]
2021-05-13 18:33:25.516  INFO 15224 --- [restartedMain] org.apache.jasper.servlet.TldScanner     : At least one JAR was scanned for TLDs yet contained no TLDs. Enable debug logging for this logger for a complete list of JARs that were scanned but no TLDs were found in them. Skipping unneeded JARs during scanning can improve startup time and JSP compilation time.
2021-05-13 18:33:25.518  INFO 15224 --- [restartedMain] o.a.c.c.C.[.[localhost].[/miniFaceApp]   : Initializing Spring embedded WebApplicationContext
2021-05-13 18:33:25.518  INFO 15224 --- [restartedMain] w.s.c.ServletWebServerApplicationContext : Root WebApplicationContext: initialization completed in 293 ms
2021-05-13 18:33:25.547  INFO 15224 --- [restartedMain] o.hibernate.jpa.internal.util.LogHelper  : HHH000204: Processing PersistenceUnitInfo [name: default]
2021-05-13 18:33:25.551  INFO 15224 --- [restartedMain] com.zaxxer.hikari.HikariDataSource       : HikariPoolBooks - Starting...
2021-05-13 18:33:25.627  INFO 15224 --- [restartedMain] com.zaxxer.hikari.HikariDataSource       : HikariPoolBooks - Start completed.
2021-05-13 18:33:25.627  INFO 15224 --- [restartedMain] org.hibernate.dialect.Dialect            : HHH000400: Using dialect: org.hibernate.dialect.Oracle12cDialect
2021-05-13 18:33:26.001  INFO 15224 --- [restartedMain] o.h.e.t.j.p.i.JtaPlatformInitiator       : HHH000490: Using JtaPlatform implementation: [org.hibernate.engine.transaction.jta.platform.internal.NoJtaPlatform]
2021-05-13 18:33:26.001  INFO 15224 --- [restartedMain] j.LocalContainerEntityManagerFactoryBean : Initialized JPA EntityManagerFactory for persistence unit 'default'
2021-05-13 18:33:26.009  INFO 15224 --- [restartedMain] o.s.b.d.a.OptionalLiveReloadServer       : LiveReload server is running on port 35729
2021-05-13 18:33:26.163  WARN 15224 --- [restartedMain] JpaBaseConfiguration$JpaWebConfiguration : spring.jpa.open-in-view is enabled by default. Therefore, database queries may be performed during view rendering. Explicitly configure spring.jpa.open-in-view to disable this warning
2021-05-13 18:33:26.183  INFO 15224 --- [restartedMain] o.s.s.web.DefaultSecurityFilterChain     : Will secure any request with [org.springframework.security.web.context.request.async.WebAsyncManagerIntegrationFilter@1fb3bc73, org.springframework.security.web.context.SecurityContextPersistenceFilter@7fe281f, org.springframework.security.web.header.HeaderWriterFilter@1259015a, org.springframework.security.web.authentication.logout.LogoutFilter@199a59c4, org.springframework.security.web.authentication.UsernamePasswordAuthenticationFilter@15b5860a, org.springframework.security.web.savedrequest.RequestCacheAwareFilter@5c11e94, org.springframework.security.web.servletapi.SecurityContextHolderAwareRequestFilter@5fc89ca7, org.springframework.security.web.authentication.AnonymousAuthenticationFilter@278427f9, org.springframework.security.web.session.SessionManagementFilter@2e93d728, org.springframework.security.web.access.ExceptionTranslationFilter@15a2e3ef, org.springframework.security.web.access.intercept.FilterSecurityInterceptor@38decd51]
2021-05-13 18:33:26.205  INFO 15224 --- [restartedMain] o.s.s.concurrent.ThreadPoolTaskExecutor  : Initializing ExecutorService 'applicationTaskExecutor'
2021-05-13 18:33:26.250  INFO 15224 --- [restartedMain] o.s.b.w.embedded.tomcat.TomcatWebServer  : Tomcat started on port(s): 8080 (http) with context path '/miniFaceApp'
2021-05-13 18:33:26.253  INFO 15224 --- [restartedMain] c.e.minifaceapp.MinifaceappApplication   : Started MinifaceappApplication in 1.047 seconds (JVM running for 308.728)
2021-05-13 18:33:26.254  INFO 15224 --- [restartedMain] .ConditionEvaluationDeltaLoggingListener : Condition evaluation unchanged
2021-05-13 18:33:37.103  INFO 15224 --- [Thread-60] o.s.s.concurrent.ThreadPoolTaskExecutor  : Shutting down ExecutorService 'applicationTaskExecutor'
2021-05-13 18:33:37.104  INFO 15224 --- [Thread-60] j.LocalContainerEntityManagerFactoryBean : Closing JPA EntityManagerFactory for persistence unit 'default'
2021-05-13 18:33:37.105  INFO 15224 --- [Thread-60] com.zaxxer.hikari.HikariDataSource       : HikariPoolBooks - Shutdown initiated...
2021-05-13 18:33:37.108  INFO 15224 --- [Thread-60] com.zaxxer.hikari.HikariDataSource       : HikariPoolBooks - Shutdown completed.
2021-05-13 18:33:37.170  INFO 15224 --- [restartedMain] c.e.minifaceapp.MinifaceappApplication   : Starting MinifaceappApplication using Java 11.0.10 on DESKTOP-OO5E1GI with PID 15224 (D:\eclipse-spring\minifaceapp\target\classes started by Darjan in D:\eclipse-spring\minifaceapp)
2021-05-13 18:33:37.171  INFO 15224 --- [restartedMain] c.e.minifaceapp.MinifaceappApplication   : No active profile set, falling back to default profiles: default
2021-05-13 18:33:37.312  INFO 15224 --- [restartedMain] .s.d.r.c.RepositoryConfigurationDelegate : Bootstrapping Spring Data JPA repositories in DEFAULT mode.
2021-05-13 18:33:37.334  INFO 15224 --- [restartedMain] .s.d.r.c.RepositoryConfigurationDelegate : Finished Spring Data repository scanning in 21 ms. Found 8 JPA repository interfaces.
2021-05-13 18:33:37.406  INFO 15224 --- [restartedMain] o.s.b.w.embedded.tomcat.TomcatWebServer  : Tomcat initialized with port(s): 8080 (http)
2021-05-13 18:33:37.406  INFO 15224 --- [restartedMain] o.apache.catalina.core.StandardService   : Starting service [Tomcat]
2021-05-13 18:33:37.406  INFO 15224 --- [restartedMain] org.apache.catalina.core.StandardEngine  : Starting Servlet engine: [Apache Tomcat/9.0.45]
2021-05-13 18:33:37.459  INFO 15224 --- [restartedMain] org.apache.jasper.servlet.TldScanner     : At least one JAR was scanned for TLDs yet contained no TLDs. Enable debug logging for this logger for a complete list of JARs that were scanned but no TLDs were found in them. Skipping unneeded JARs during scanning can improve startup time and JSP compilation time.
2021-05-13 18:33:37.461  INFO 15224 --- [restartedMain] o.a.c.c.C.[.[localhost].[/miniFaceApp]   : Initializing Spring embedded WebApplicationContext
2021-05-13 18:33:37.461  INFO 15224 --- [restartedMain] w.s.c.ServletWebServerApplicationContext : Root WebApplicationContext: initialization completed in 289 ms
2021-05-13 18:33:37.489  INFO 15224 --- [restartedMain] o.hibernate.jpa.internal.util.LogHelper  : HHH000204: Processing PersistenceUnitInfo [name: default]
2021-05-13 18:33:37.493  INFO 15224 --- [restartedMain] com.zaxxer.hikari.HikariDataSource       : HikariPoolBooks - Starting...
2021-05-13 18:33:37.546  INFO 15224 --- [restartedMain] com.zaxxer.hikari.HikariDataSource       : HikariPoolBooks - Start completed.
2021-05-13 18:33:37.547  INFO 15224 --- [restartedMain] org.hibernate.dialect.Dialect            : HHH000400: Using dialect: org.hibernate.dialect.Oracle12cDialect
2021-05-13 18:33:37.913  INFO 15224 --- [restartedMain] o.h.e.t.j.p.i.JtaPlatformInitiator       : HHH000490: Using JtaPlatform implementation: [org.hibernate.engine.transaction.jta.platform.internal.NoJtaPlatform]
2021-05-13 18:33:37.913  INFO 15224 --- [restartedMain] j.LocalContainerEntityManagerFactoryBean : Initialized JPA EntityManagerFactory for persistence unit 'default'
2021-05-13 18:33:37.921  INFO 15224 --- [restartedMain] o.s.b.d.a.OptionalLiveReloadServer       : LiveReload server is running on port 35729
2021-05-13 18:33:37.968  WARN 15224 --- [restartedMain] ConfigServletWebServerApplicationContext : Exception encountered during context initialization - cancelling refresh attempt: org.springframework.beans.factory.UnsatisfiedDependencyException: Error creating bean with name 'commentController' defined in file [D:\eclipse-spring\minifaceapp\target\classes\com\example\minifaceapp\controllers\CommentController.class]: Unsatisfied dependency expressed through constructor parameter 0; nested exception is org.springframework.beans.factory.UnsatisfiedDependencyException: Error creating bean with name 'postCommentServiceImpl' defined in file [D:\eclipse-spring\minifaceapp\target\classes\com\example\minifaceapp\services\PostCommentServiceImpl.class]: Unsatisfied dependency expressed through constructor parameter 1; nested exception is org.springframework.beans.factory.NoSuchBeanDefinitionException: No qualifying bean of type 'com.example.minifaceapp.api.v1.mappers.PostCommentDTOMapper' available: expected at least 1 bean which qualifies as autowire candidate. Dependency annotations: {}
2021-05-13 18:33:37.968  INFO 15224 --- [restartedMain] j.LocalContainerEntityManagerFactoryBean : Closing JPA EntityManagerFactory for persistence unit 'default'
2021-05-13 18:33:37.968  INFO 15224 --- [restartedMain] com.zaxxer.hikari.HikariDataSource       : HikariPoolBooks - Shutdown initiated...
2021-05-13 18:33:37.972  INFO 15224 --- [restartedMain] com.zaxxer.hikari.HikariDataSource       : HikariPoolBooks - Shutdown completed.
2021-05-13 18:33:37.972  INFO 15224 --- [restartedMain] o.apache.catalina.core.StandardService   : Stopping service [Tomcat]
2021-05-13 18:33:37.979  INFO 15224 --- [restartedMain] ConditionEvaluationReportLoggingListener : 

Error starting ApplicationContext. To display the conditions report re-run your application with 'debug' enabled.
2021-05-13 18:33:37.994 ERROR 15224 --- [restartedMain] o.s.b.d.LoggingFailureAnalysisReporter   : 

***************************
APPLICATION FAILED TO START
***************************

Description:

Parameter 1 of constructor in com.example.minifaceapp.services.PostCommentServiceImpl required a bean of type 'com.example.minifaceapp.api.v1.mappers.PostCommentDTOMapper' that could not be found.


Action:

Consider defining a bean of type 'com.example.minifaceapp.api.v1.mappers.PostCommentDTOMapper' in your configuration.

2021-05-13 18:33:46.585  INFO 15224 --- [restartedMain] c.e.minifaceapp.MinifaceappApplication   : Starting MinifaceappApplication using Java 11.0.10 on DESKTOP-OO5E1GI with PID 15224 (D:\eclipse-spring\minifaceapp\target\classes started by Darjan in D:\eclipse-spring\minifaceapp)
2021-05-13 18:33:46.585  INFO 15224 --- [restartedMain] c.e.minifaceapp.MinifaceappApplication   : No active profile set, falling back to default profiles: default
2021-05-13 18:33:46.719  INFO 15224 --- [restartedMain] .s.d.r.c.RepositoryConfigurationDelegate : Bootstrapping Spring Data JPA repositories in DEFAULT mode.
2021-05-13 18:33:46.742  INFO 15224 --- [restartedMain] .s.d.r.c.RepositoryConfigurationDelegate : Finished Spring Data repository scanning in 23 ms. Found 8 JPA repository interfaces.
2021-05-13 18:33:46.816  INFO 15224 --- [restartedMain] o.s.b.w.embedded.tomcat.TomcatWebServer  : Tomcat initialized with port(s): 8080 (http)
2021-05-13 18:33:46.816  INFO 15224 --- [restartedMain] o.apache.catalina.core.StandardService   : Starting service [Tomcat]
2021-05-13 18:33:46.816  INFO 15224 --- [restartedMain] org.apache.catalina.core.StandardEngine  : Starting Servlet engine: [Apache Tomcat/9.0.45]
2021-05-13 18:33:46.869  INFO 15224 --- [restartedMain] org.apache.jasper.servlet.TldScanner     : At least one JAR was scanned for TLDs yet contained no TLDs. Enable debug logging for this logger for a complete list of JARs that were scanned but no TLDs were found in them. Skipping unneeded JARs during scanning can improve startup time and JSP compilation time.
2021-05-13 18:33:46.870  INFO 15224 --- [restartedMain] o.a.c.c.C.[.[localhost].[/miniFaceApp]   : Initializing Spring embedded WebApplicationContext
2021-05-13 18:33:46.871  INFO 15224 --- [restartedMain] w.s.c.ServletWebServerApplicationContext : Root WebApplicationContext: initialization completed in 285 ms
2021-05-13 18:33:46.900  INFO 15224 --- [restartedMain] o.hibernate.jpa.internal.util.LogHelper  : HHH000204: Processing PersistenceUnitInfo [name: default]
2021-05-13 18:33:46.903  INFO 15224 --- [restartedMain] com.zaxxer.hikari.HikariDataSource       : HikariPoolBooks - Starting...
2021-05-13 18:33:46.957  INFO 15224 --- [restartedMain] com.zaxxer.hikari.HikariDataSource       : HikariPoolBooks - Start completed.
2021-05-13 18:33:46.957  INFO 15224 --- [restartedMain] org.hibernate.dialect.Dialect            : HHH000400: Using dialect: org.hibernate.dialect.Oracle12cDialect
2021-05-13 18:33:47.328  INFO 15224 --- [restartedMain] o.h.e.t.j.p.i.JtaPlatformInitiator       : HHH000490: Using JtaPlatform implementation: [org.hibernate.engine.transaction.jta.platform.internal.NoJtaPlatform]
2021-05-13 18:33:47.328  INFO 15224 --- [restartedMain] j.LocalContainerEntityManagerFactoryBean : Initialized JPA EntityManagerFactory for persistence unit 'default'
2021-05-13 18:33:47.337  INFO 15224 --- [restartedMain] o.s.b.d.a.OptionalLiveReloadServer       : LiveReload server is running on port 35729
2021-05-13 18:33:47.495  WARN 15224 --- [restartedMain] JpaBaseConfiguration$JpaWebConfiguration : spring.jpa.open-in-view is enabled by default. Therefore, database queries may be performed during view rendering. Explicitly configure spring.jpa.open-in-view to disable this warning
2021-05-13 18:33:47.512  INFO 15224 --- [restartedMain] o.s.s.web.DefaultSecurityFilterChain     : Will secure any request with [org.springframework.security.web.context.request.async.WebAsyncManagerIntegrationFilter@288b3a63, org.springframework.security.web.context.SecurityContextPersistenceFilter@12f9ec5e, org.springframework.security.web.header.HeaderWriterFilter@47000722, org.springframework.security.web.authentication.logout.LogoutFilter@3a9aed79, org.springframework.security.web.authentication.UsernamePasswordAuthenticationFilter@7d7f838e, org.springframework.security.web.savedrequest.RequestCacheAwareFilter@1650ff2d, org.springframework.security.web.servletapi.SecurityContextHolderAwareRequestFilter@512ed3d2, org.springframework.security.web.authentication.AnonymousAuthenticationFilter@7642421a, org.springframework.security.web.session.SessionManagementFilter@461e1b4c, org.springframework.security.web.access.ExceptionTranslationFilter@4d493c90, org.springframework.security.web.access.intercept.FilterSecurityInterceptor@587ca46e]
2021-05-13 18:33:47.535  INFO 15224 --- [restartedMain] o.s.s.concurrent.ThreadPoolTaskExecutor  : Initializing ExecutorService 'applicationTaskExecutor'
2021-05-13 18:33:47.583  INFO 15224 --- [restartedMain] o.s.b.w.embedded.tomcat.TomcatWebServer  : Tomcat started on port(s): 8080 (http) with context path '/miniFaceApp'
2021-05-13 18:33:47.587  INFO 15224 --- [restartedMain] c.e.minifaceapp.MinifaceappApplication   : Started MinifaceappApplication in 1.018 seconds (JVM running for 330.062)
2021-05-13 18:33:47.588  INFO 15224 --- [restartedMain] .ConditionEvaluationDeltaLoggingListener : Condition evaluation unchanged
2021-05-13 18:34:09.681  INFO 15224 --- [Thread-66] o.s.s.concurrent.ThreadPoolTaskExecutor  : Shutting down ExecutorService 'applicationTaskExecutor'
2021-05-13 18:34:09.683  INFO 15224 --- [Thread-66] j.LocalContainerEntityManagerFactoryBean : Closing JPA EntityManagerFactory for persistence unit 'default'
2021-05-13 18:34:09.683  INFO 15224 --- [Thread-66] com.zaxxer.hikari.HikariDataSource       : HikariPoolBooks - Shutdown initiated...
2021-05-13 18:34:09.687  INFO 15224 --- [Thread-66] com.zaxxer.hikari.HikariDataSource       : HikariPoolBooks - Shutdown completed.
2021-05-13 18:34:09.751  INFO 15224 --- [restartedMain] c.e.minifaceapp.MinifaceappApplication   : Starting MinifaceappApplication using Java 11.0.10 on DESKTOP-OO5E1GI with PID 15224 (D:\eclipse-spring\minifaceapp\target\classes started by Darjan in D:\eclipse-spring\minifaceapp)
2021-05-13 18:34:09.751  INFO 15224 --- [restartedMain] c.e.minifaceapp.MinifaceappApplication   : No active profile set, falling back to default profiles: default
2021-05-13 18:34:09.881  INFO 15224 --- [restartedMain] .s.d.r.c.RepositoryConfigurationDelegate : Bootstrapping Spring Data JPA repositories in DEFAULT mode.
2021-05-13 18:34:09.902  INFO 15224 --- [restartedMain] .s.d.r.c.RepositoryConfigurationDelegate : Finished Spring Data repository scanning in 21 ms. Found 8 JPA repository interfaces.
2021-05-13 18:34:09.971  INFO 15224 --- [restartedMain] o.s.b.w.embedded.tomcat.TomcatWebServer  : Tomcat initialized with port(s): 8080 (http)
2021-05-13 18:34:09.971  INFO 15224 --- [restartedMain] o.apache.catalina.core.StandardService   : Starting service [Tomcat]
2021-05-13 18:34:09.972  INFO 15224 --- [restartedMain] org.apache.catalina.core.StandardEngine  : Starting Servlet engine: [Apache Tomcat/9.0.45]
2021-05-13 18:34:10.025  INFO 15224 --- [restartedMain] org.apache.jasper.servlet.TldScanner     : At least one JAR was scanned for TLDs yet contained no TLDs. Enable debug logging for this logger for a complete list of JARs that were scanned but no TLDs were found in them. Skipping unneeded JARs during scanning can improve startup time and JSP compilation time.
2021-05-13 18:34:10.027  INFO 15224 --- [restartedMain] o.a.c.c.C.[.[localhost].[/miniFaceApp]   : Initializing Spring embedded WebApplicationContext
2021-05-13 18:34:10.027  INFO 15224 --- [restartedMain] w.s.c.ServletWebServerApplicationContext : Root WebApplicationContext: initialization completed in 274 ms
2021-05-13 18:34:10.055  INFO 15224 --- [restartedMain] o.hibernate.jpa.internal.util.LogHelper  : HHH000204: Processing PersistenceUnitInfo [name: default]
2021-05-13 18:34:10.059  INFO 15224 --- [restartedMain] com.zaxxer.hikari.HikariDataSource       : HikariPoolBooks - Starting...
2021-05-13 18:34:10.114  INFO 15224 --- [restartedMain] com.zaxxer.hikari.HikariDataSource       : HikariPoolBooks - Start completed.
2021-05-13 18:34:10.115  INFO 15224 --- [restartedMain] org.hibernate.dialect.Dialect            : HHH000400: Using dialect: org.hibernate.dialect.Oracle12cDialect
2021-05-13 18:34:10.516  INFO 15224 --- [restartedMain] o.h.e.t.j.p.i.JtaPlatformInitiator       : HHH000490: Using JtaPlatform implementation: [org.hibernate.engine.transaction.jta.platform.internal.NoJtaPlatform]
2021-05-13 18:34:10.516  INFO 15224 --- [restartedMain] j.LocalContainerEntityManagerFactoryBean : Initialized JPA EntityManagerFactory for persistence unit 'default'
2021-05-13 18:34:10.524  INFO 15224 --- [restartedMain] o.s.b.d.a.OptionalLiveReloadServer       : LiveReload server is running on port 35729
2021-05-13 18:34:10.683  WARN 15224 --- [restartedMain] JpaBaseConfiguration$JpaWebConfiguration : spring.jpa.open-in-view is enabled by default. Therefore, database queries may be performed during view rendering. Explicitly configure spring.jpa.open-in-view to disable this warning
2021-05-13 18:34:10.698  INFO 15224 --- [restartedMain] o.s.s.web.DefaultSecurityFilterChain     : Will secure any request with [org.springframework.security.web.context.request.async.WebAsyncManagerIntegrationFilter@7d73aacc, org.springframework.security.web.context.SecurityContextPersistenceFilter@2b74021c, org.springframework.security.web.header.HeaderWriterFilter@71a012a3, org.springframework.security.web.authentication.logout.LogoutFilter@5f81c23e, org.springframework.security.web.authentication.UsernamePasswordAuthenticationFilter@6a0eec82, org.springframework.security.web.savedrequest.RequestCacheAwareFilter@35d38d6f, org.springframework.security.web.servletapi.SecurityContextHolderAwareRequestFilter@4417a47c, org.springframework.security.web.authentication.AnonymousAuthenticationFilter@362a31fa, org.springframework.security.web.session.SessionManagementFilter@32b44ba8, org.springframework.security.web.access.ExceptionTranslationFilter@1820d33e, org.springframework.security.web.access.intercept.FilterSecurityInterceptor@a666fea]
2021-05-13 18:34:10.722  INFO 15224 --- [restartedMain] o.s.s.concurrent.ThreadPoolTaskExecutor  : Initializing ExecutorService 'applicationTaskExecutor'
2021-05-13 18:34:10.766  INFO 15224 --- [restartedMain] o.s.b.w.embedded.tomcat.TomcatWebServer  : Tomcat started on port(s): 8080 (http) with context path '/miniFaceApp'
2021-05-13 18:34:10.770  INFO 15224 --- [restartedMain] c.e.minifaceapp.MinifaceappApplication   : Started MinifaceappApplication in 1.035 seconds (JVM running for 353.245)
2021-05-13 18:34:10.771  INFO 15224 --- [restartedMain] .ConditionEvaluationDeltaLoggingListener : Condition evaluation unchanged
2021-05-13 18:34:30.572  INFO 15224 --- [http-nio-8080-exec-2] o.a.c.c.C.[.[localhost].[/miniFaceApp]   : Initializing Spring DispatcherServlet 'dispatcherServlet'
2021-05-13 18:34:30.572  INFO 15224 --- [http-nio-8080-exec-2] o.s.web.servlet.DispatcherServlet        : Initializing Servlet 'dispatcherServlet'
2021-05-13 18:34:30.574  INFO 15224 --- [http-nio-8080-exec-2] o.s.web.servlet.DispatcherServlet        : Completed initialization in 2 ms
2021-05-13 18:38:47.291  INFO 15224 --- [Thread-76] o.s.s.concurrent.ThreadPoolTaskExecutor  : Shutting down ExecutorService 'applicationTaskExecutor'
2021-05-13 18:38:47.293  INFO 15224 --- [Thread-76] j.LocalContainerEntityManagerFactoryBean : Closing JPA EntityManagerFactory for persistence unit 'default'
2021-05-13 18:38:47.294  INFO 15224 --- [Thread-76] com.zaxxer.hikari.HikariDataSource       : HikariPoolBooks - Shutdown initiated...
2021-05-13 18:38:47.298  INFO 15224 --- [Thread-76] com.zaxxer.hikari.HikariDataSource       : HikariPoolBooks - Shutdown completed.
2021-05-13 18:38:47.372  INFO 15224 --- [restartedMain] c.e.minifaceapp.MinifaceappApplication   : Starting MinifaceappApplication using Java 11.0.10 on DESKTOP-OO5E1GI with PID 15224 (D:\eclipse-spring\minifaceapp\target\classes started by Darjan in D:\eclipse-spring\minifaceapp)
2021-05-13 18:38:47.372  INFO 15224 --- [restartedMain] c.e.minifaceapp.MinifaceappApplication   : No active profile set, falling back to default profiles: default
2021-05-13 18:38:47.510  INFO 15224 --- [restartedMain] .s.d.r.c.RepositoryConfigurationDelegate : Bootstrapping Spring Data JPA repositories in DEFAULT mode.
2021-05-13 18:38:47.533  INFO 15224 --- [restartedMain] .s.d.r.c.RepositoryConfigurationDelegate : Finished Spring Data repository scanning in 22 ms. Found 8 JPA repository interfaces.
2021-05-13 18:38:47.605  INFO 15224 --- [restartedMain] o.s.b.w.embedded.tomcat.TomcatWebServer  : Tomcat initialized with port(s): 8080 (http)
2021-05-13 18:38:47.605  INFO 15224 --- [restartedMain] o.apache.catalina.core.StandardService   : Starting service [Tomcat]
2021-05-13 18:38:47.605  INFO 15224 --- [restartedMain] org.apache.catalina.core.StandardEngine  : Starting Servlet engine: [Apache Tomcat/9.0.45]
2021-05-13 18:38:47.654  INFO 15224 --- [restartedMain] org.apache.jasper.servlet.TldScanner     : At least one JAR was scanned for TLDs yet contained no TLDs. Enable debug logging for this logger for a complete list of JARs that were scanned but no TLDs were found in them. Skipping unneeded JARs during scanning can improve startup time and JSP compilation time.
2021-05-13 18:38:47.656  INFO 15224 --- [restartedMain] o.a.c.c.C.[.[localhost].[/miniFaceApp]   : Initializing Spring embedded WebApplicationContext
2021-05-13 18:38:47.656  INFO 15224 --- [restartedMain] w.s.c.ServletWebServerApplicationContext : Root WebApplicationContext: initialization completed in 283 ms
2021-05-13 18:38:47.666  WARN 15224 --- [restartedMain] o.a.c.c.C.[.[localhost].[/miniFaceApp]   : Cannot deserialize session attribute [SPRING_SECURITY_CONTEXT] for session [33DEFC46E318D081FEDF39D22C7D59C0]
2021-05-13 18:38:47.687  INFO 15224 --- [restartedMain] o.hibernate.jpa.internal.util.LogHelper  : HHH000204: Processing PersistenceUnitInfo [name: default]
2021-05-13 18:38:47.690  INFO 15224 --- [restartedMain] com.zaxxer.hikari.HikariDataSource       : HikariPoolBooks - Starting...
2021-05-13 18:38:47.767  INFO 15224 --- [restartedMain] com.zaxxer.hikari.HikariDataSource       : HikariPoolBooks - Start completed.
2021-05-13 18:38:47.767  INFO 15224 --- [restartedMain] org.hibernate.dialect.Dialect            : HHH000400: Using dialect: org.hibernate.dialect.Oracle12cDialect
2021-05-13 18:38:48.165  INFO 15224 --- [restartedMain] o.h.e.t.j.p.i.JtaPlatformInitiator       : HHH000490: Using JtaPlatform implementation: [org.hibernate.engine.transaction.jta.platform.internal.NoJtaPlatform]
2021-05-13 18:38:48.165  INFO 15224 --- [restartedMain] j.LocalContainerEntityManagerFactoryBean : Initialized JPA EntityManagerFactory for persistence unit 'default'
2021-05-13 18:38:48.173  INFO 15224 --- [restartedMain] o.s.b.d.a.OptionalLiveReloadServer       : LiveReload server is running on port 35729
2021-05-13 18:38:48.334  WARN 15224 --- [restartedMain] JpaBaseConfiguration$JpaWebConfiguration : spring.jpa.open-in-view is enabled by default. Therefore, database queries may be performed during view rendering. Explicitly configure spring.jpa.open-in-view to disable this warning
2021-05-13 18:38:48.353  INFO 15224 --- [restartedMain] o.s.s.web.DefaultSecurityFilterChain     : Will secure any request with [org.springframework.security.web.context.request.async.WebAsyncManagerIntegrationFilter@1c2646b4, org.springframework.security.web.context.SecurityContextPersistenceFilter@62ee4044, org.springframework.security.web.header.HeaderWriterFilter@10288060, org.springframework.security.web.authentication.logout.LogoutFilter@22584e38, org.springframework.security.web.authentication.UsernamePasswordAuthenticationFilter@1fd8775b, org.springframework.security.web.savedrequest.RequestCacheAwareFilter@d94f59, org.springframework.security.web.servletapi.SecurityContextHolderAwareRequestFilter@54a6e4a2, org.springframework.security.web.authentication.AnonymousAuthenticationFilter@329e48be, org.springframework.security.web.session.SessionManagementFilter@4895de30, org.springframework.security.web.access.ExceptionTranslationFilter@6d61f686, org.springframework.security.web.access.intercept.FilterSecurityInterceptor@1c2d7ecf]
2021-05-13 18:38:48.379  INFO 15224 --- [restartedMain] o.s.s.concurrent.ThreadPoolTaskExecutor  : Initializing ExecutorService 'applicationTaskExecutor'
2021-05-13 18:38:48.434  INFO 15224 --- [restartedMain] o.s.b.w.embedded.tomcat.TomcatWebServer  : Tomcat started on port(s): 8080 (http) with context path '/miniFaceApp'
2021-05-13 18:38:48.438  INFO 15224 --- [restartedMain] c.e.minifaceapp.MinifaceappApplication   : Started MinifaceappApplication in 1.083 seconds (JVM running for 630.913)
2021-05-13 18:38:48.439  INFO 15224 --- [restartedMain] .ConditionEvaluationDeltaLoggingListener : Condition evaluation unchanged
2021-05-13 18:39:36.005  INFO 15224 --- [Thread-194] o.s.s.concurrent.ThreadPoolTaskExecutor  : Shutting down ExecutorService 'applicationTaskExecutor'
2021-05-13 18:39:36.007  INFO 15224 --- [Thread-194] j.LocalContainerEntityManagerFactoryBean : Closing JPA EntityManagerFactory for persistence unit 'default'
2021-05-13 18:39:36.008  INFO 15224 --- [Thread-194] com.zaxxer.hikari.HikariDataSource       : HikariPoolBooks - Shutdown initiated...
2021-05-13 18:39:36.012  INFO 15224 --- [Thread-194] com.zaxxer.hikari.HikariDataSource       : HikariPoolBooks - Shutdown completed.
2021-05-13 18:39:36.113  INFO 15224 --- [restartedMain] c.e.minifaceapp.MinifaceappApplication   : Starting MinifaceappApplication using Java 11.0.10 on DESKTOP-OO5E1GI with PID 15224 (D:\eclipse-spring\minifaceapp\target\classes started by Darjan in D:\eclipse-spring\minifaceapp)
2021-05-13 18:39:36.114  INFO 15224 --- [restartedMain] c.e.minifaceapp.MinifaceappApplication   : No active profile set, falling back to default profiles: default
2021-05-13 18:39:36.249  INFO 15224 --- [restartedMain] .s.d.r.c.RepositoryConfigurationDelegate : Bootstrapping Spring Data JPA repositories in DEFAULT mode.
2021-05-13 18:39:36.273  INFO 15224 --- [restartedMain] .s.d.r.c.RepositoryConfigurationDelegate : Finished Spring Data repository scanning in 23 ms. Found 8 JPA repository interfaces.
2021-05-13 18:39:36.355  INFO 15224 --- [restartedMain] o.s.b.w.embedded.tomcat.TomcatWebServer  : Tomcat initialized with port(s): 8080 (http)
2021-05-13 18:39:36.355  INFO 15224 --- [restartedMain] o.apache.catalina.core.StandardService   : Starting service [Tomcat]
2021-05-13 18:39:36.355  INFO 15224 --- [restartedMain] org.apache.catalina.core.StandardEngine  : Starting Servlet engine: [Apache Tomcat/9.0.45]
2021-05-13 18:39:36.404  INFO 15224 --- [restartedMain] org.apache.jasper.servlet.TldScanner     : At least one JAR was scanned for TLDs yet contained no TLDs. Enable debug logging for this logger for a complete list of JARs that were scanned but no TLDs were found in them. Skipping unneeded JARs during scanning can improve startup time and JSP compilation time.
2021-05-13 18:39:36.406  INFO 15224 --- [restartedMain] o.a.c.c.C.[.[localhost].[/miniFaceApp]   : Initializing Spring embedded WebApplicationContext
2021-05-13 18:39:36.406  INFO 15224 --- [restartedMain] w.s.c.ServletWebServerApplicationContext : Root WebApplicationContext: initialization completed in 291 ms
2021-05-13 18:39:36.434  INFO 15224 --- [restartedMain] o.hibernate.jpa.internal.util.LogHelper  : HHH000204: Processing PersistenceUnitInfo [name: default]
2021-05-13 18:39:36.438  INFO 15224 --- [restartedMain] com.zaxxer.hikari.HikariDataSource       : HikariPoolBooks - Starting...
2021-05-13 18:39:36.491  INFO 15224 --- [restartedMain] com.zaxxer.hikari.HikariDataSource       : HikariPoolBooks - Start completed.
2021-05-13 18:39:36.492  INFO 15224 --- [restartedMain] org.hibernate.dialect.Dialect            : HHH000400: Using dialect: org.hibernate.dialect.Oracle12cDialect
2021-05-13 18:39:36.888  INFO 15224 --- [restartedMain] o.h.e.t.j.p.i.JtaPlatformInitiator       : HHH000490: Using JtaPlatform implementation: [org.hibernate.engine.transaction.jta.platform.internal.NoJtaPlatform]
2021-05-13 18:39:36.888  INFO 15224 --- [restartedMain] j.LocalContainerEntityManagerFactoryBean : Initialized JPA EntityManagerFactory for persistence unit 'default'
2021-05-13 18:39:36.895  INFO 15224 --- [restartedMain] o.s.b.d.a.OptionalLiveReloadServer       : LiveReload server is running on port 35729
2021-05-13 18:39:37.050  WARN 15224 --- [restartedMain] JpaBaseConfiguration$JpaWebConfiguration : spring.jpa.open-in-view is enabled by default. Therefore, database queries may be performed during view rendering. Explicitly configure spring.jpa.open-in-view to disable this warning
2021-05-13 18:39:37.066  INFO 15224 --- [restartedMain] o.s.s.web.DefaultSecurityFilterChain     : Will secure any request with [org.springframework.security.web.context.request.async.WebAsyncManagerIntegrationFilter@1906ca64, org.springframework.security.web.context.SecurityContextPersistenceFilter@7e0ff81e, org.springframework.security.web.header.HeaderWriterFilter@b5c6dc6, org.springframework.security.web.authentication.logout.LogoutFilter@6eafaf3a, org.springframework.security.web.authentication.UsernamePasswordAuthenticationFilter@39bee8af, org.springframework.security.web.savedrequest.RequestCacheAwareFilter@2b0041c8, org.springframework.security.web.servletapi.SecurityContextHolderAwareRequestFilter@435a3b33, org.springframework.security.web.authentication.AnonymousAuthenticationFilter@7be75ec, org.springframework.security.web.session.SessionManagementFilter@605989d9, org.springframework.security.web.access.ExceptionTranslationFilter@1879b47b, org.springframework.security.web.access.intercept.FilterSecurityInterceptor@2014f2d7]
2021-05-13 18:39:37.088  INFO 15224 --- [restartedMain] o.s.s.concurrent.ThreadPoolTaskExecutor  : Initializing ExecutorService 'applicationTaskExecutor'
2021-05-13 18:39:37.135  INFO 15224 --- [restartedMain] o.s.b.w.embedded.tomcat.TomcatWebServer  : Tomcat started on port(s): 8080 (http) with context path '/miniFaceApp'
2021-05-13 18:39:37.138  INFO 15224 --- [restartedMain] c.e.minifaceapp.MinifaceappApplication   : Started MinifaceappApplication in 1.043 seconds (JVM running for 679.613)
2021-05-13 18:39:37.139  INFO 15224 --- [restartedMain] .ConditionEvaluationDeltaLoggingListener : Condition evaluation unchanged
2021-05-13 18:40:03.321  INFO 15224 --- [Thread-200] o.s.s.concurrent.ThreadPoolTaskExecutor  : Shutting down ExecutorService 'applicationTaskExecutor'
2021-05-13 18:40:03.323  INFO 15224 --- [Thread-200] j.LocalContainerEntityManagerFactoryBean : Closing JPA EntityManagerFactory for persistence unit 'default'
2021-05-13 18:40:03.324  INFO 15224 --- [Thread-200] com.zaxxer.hikari.HikariDataSource       : HikariPoolBooks - Shutdown initiated...
2021-05-13 18:40:03.329  INFO 15224 --- [Thread-200] com.zaxxer.hikari.HikariDataSource       : HikariPoolBooks - Shutdown completed.
2021-05-13 18:40:03.417  INFO 15224 --- [restartedMain] c.e.minifaceapp.MinifaceappApplication   : Starting MinifaceappApplication using Java 11.0.10 on DESKTOP-OO5E1GI with PID 15224 (D:\eclipse-spring\minifaceapp\target\classes started by Darjan in D:\eclipse-spring\minifaceapp)
2021-05-13 18:40:03.417  INFO 15224 --- [restartedMain] c.e.minifaceapp.MinifaceappApplication   : No active profile set, falling back to default profiles: default
2021-05-13 18:40:03.555  INFO 15224 --- [restartedMain] .s.d.r.c.RepositoryConfigurationDelegate : Bootstrapping Spring Data JPA repositories in DEFAULT mode.
2021-05-13 18:40:03.579  INFO 15224 --- [restartedMain] .s.d.r.c.RepositoryConfigurationDelegate : Finished Spring Data repository scanning in 23 ms. Found 8 JPA repository interfaces.
2021-05-13 18:40:03.650  INFO 15224 --- [restartedMain] o.s.b.w.embedded.tomcat.TomcatWebServer  : Tomcat initialized with port(s): 8080 (http)
2021-05-13 18:40:03.651  INFO 15224 --- [restartedMain] o.apache.catalina.core.StandardService   : Starting service [Tomcat]
2021-05-13 18:40:03.651  INFO 15224 --- [restartedMain] org.apache.catalina.core.StandardEngine  : Starting Servlet engine: [Apache Tomcat/9.0.45]
2021-05-13 18:40:03.706  INFO 15224 --- [restartedMain] org.apache.jasper.servlet.TldScanner     : At least one JAR was scanned for TLDs yet contained no TLDs. Enable debug logging for this logger for a complete list of JARs that were scanned but no TLDs were found in them. Skipping unneeded JARs during scanning can improve startup time and JSP compilation time.
2021-05-13 18:40:03.708  INFO 15224 --- [restartedMain] o.a.c.c.C.[.[localhost].[/miniFaceApp]   : Initializing Spring embedded WebApplicationContext
2021-05-13 18:40:03.708  INFO 15224 --- [restartedMain] w.s.c.ServletWebServerApplicationContext : Root WebApplicationContext: initialization completed in 289 ms
2021-05-13 18:40:03.738  INFO 15224 --- [restartedMain] o.hibernate.jpa.internal.util.LogHelper  : HHH000204: Processing PersistenceUnitInfo [name: default]
2021-05-13 18:40:03.742  INFO 15224 --- [restartedMain] com.zaxxer.hikari.HikariDataSource       : HikariPoolBooks - Starting...
2021-05-13 18:40:03.809  INFO 15224 --- [restartedMain] com.zaxxer.hikari.HikariDataSource       : HikariPoolBooks - Start completed.
2021-05-13 18:40:03.809  INFO 15224 --- [restartedMain] org.hibernate.dialect.Dialect            : HHH000400: Using dialect: org.hibernate.dialect.Oracle12cDialect
2021-05-13 18:40:04.182  INFO 15224 --- [restartedMain] o.h.e.t.j.p.i.JtaPlatformInitiator       : HHH000490: Using JtaPlatform implementation: [org.hibernate.engine.transaction.jta.platform.internal.NoJtaPlatform]
2021-05-13 18:40:04.182  INFO 15224 --- [restartedMain] j.LocalContainerEntityManagerFactoryBean : Initialized JPA EntityManagerFactory for persistence unit 'default'
2021-05-13 18:40:04.191  INFO 15224 --- [restartedMain] o.s.b.d.a.OptionalLiveReloadServer       : LiveReload server is running on port 35729
2021-05-13 18:40:04.350  WARN 15224 --- [restartedMain] JpaBaseConfiguration$JpaWebConfiguration : spring.jpa.open-in-view is enabled by default. Therefore, database queries may be performed during view rendering. Explicitly configure spring.jpa.open-in-view to disable this warning
2021-05-13 18:40:04.366  INFO 15224 --- [restartedMain] o.s.s.web.DefaultSecurityFilterChain     : Will secure any request with [org.springframework.security.web.context.request.async.WebAsyncManagerIntegrationFilter@738288fd, org.springframework.security.web.context.SecurityContextPersistenceFilter@15d966f, org.springframework.security.web.header.HeaderWriterFilter@5858d14e, org.springframework.security.web.authentication.logout.LogoutFilter@6bcf2819, org.springframework.security.web.authentication.UsernamePasswordAuthenticationFilter@4343bee4, org.springframework.security.web.savedrequest.RequestCacheAwareFilter@639d23, org.springframework.security.web.servletapi.SecurityContextHolderAwareRequestFilter@1e2ffec0, org.springframework.security.web.authentication.AnonymousAuthenticationFilter@3aa98a95, org.springframework.security.web.session.SessionManagementFilter@5b886e6a, org.springframework.security.web.access.ExceptionTranslationFilter@68dd3c43, org.springframework.security.web.access.intercept.FilterSecurityInterceptor@5da45758]
2021-05-13 18:40:04.387  INFO 15224 --- [restartedMain] o.s.s.concurrent.ThreadPoolTaskExecutor  : Initializing ExecutorService 'applicationTaskExecutor'
2021-05-13 18:40:04.434  INFO 15224 --- [restartedMain] o.s.b.w.embedded.tomcat.TomcatWebServer  : Tomcat started on port(s): 8080 (http) with context path '/miniFaceApp'
2021-05-13 18:40:04.437  INFO 15224 --- [restartedMain] c.e.minifaceapp.MinifaceappApplication   : Started MinifaceappApplication in 1.047 seconds (JVM running for 706.913)
2021-05-13 18:40:04.438  INFO 15224 --- [restartedMain] .ConditionEvaluationDeltaLoggingListener : Condition evaluation unchanged
2021-05-13 18:40:10.193  INFO 15224 --- [Thread-206] o.s.s.concurrent.ThreadPoolTaskExecutor  : Shutting down ExecutorService 'applicationTaskExecutor'
2021-05-13 18:40:10.194  INFO 15224 --- [Thread-206] j.LocalContainerEntityManagerFactoryBean : Closing JPA EntityManagerFactory for persistence unit 'default'
2021-05-13 18:40:10.195  INFO 15224 --- [Thread-206] com.zaxxer.hikari.HikariDataSource       : HikariPoolBooks - Shutdown initiated...
2021-05-13 18:40:10.197  INFO 15224 --- [Thread-206] com.zaxxer.hikari.HikariDataSource       : HikariPoolBooks - Shutdown completed.
2021-05-13 18:40:10.273  INFO 15224 --- [restartedMain] c.e.minifaceapp.MinifaceappApplication   : Starting MinifaceappApplication using Java 11.0.10 on DESKTOP-OO5E1GI with PID 15224 (D:\eclipse-spring\minifaceapp\target\classes started by Darjan in D:\eclipse-spring\minifaceapp)
2021-05-13 18:40:10.273  INFO 15224 --- [restartedMain] c.e.minifaceapp.MinifaceappApplication   : No active profile set, falling back to default profiles: default
2021-05-13 18:40:10.411  INFO 15224 --- [restartedMain] .s.d.r.c.RepositoryConfigurationDelegate : Bootstrapping Spring Data JPA repositories in DEFAULT mode.
2021-05-13 18:40:10.435  INFO 15224 --- [restartedMain] .s.d.r.c.RepositoryConfigurationDelegate : Finished Spring Data repository scanning in 23 ms. Found 8 JPA repository interfaces.
2021-05-13 18:40:10.506  INFO 15224 --- [restartedMain] o.s.b.w.embedded.tomcat.TomcatWebServer  : Tomcat initialized with port(s): 8080 (http)
2021-05-13 18:40:10.507  INFO 15224 --- [restartedMain] o.apache.catalina.core.StandardService   : Starting service [Tomcat]
2021-05-13 18:40:10.507  INFO 15224 --- [restartedMain] org.apache.catalina.core.StandardEngine  : Starting Servlet engine: [Apache Tomcat/9.0.45]
2021-05-13 18:40:10.557  INFO 15224 --- [restartedMain] org.apache.jasper.servlet.TldScanner     : At least one JAR was scanned for TLDs yet contained no TLDs. Enable debug logging for this logger for a complete list of JARs that were scanned but no TLDs were found in them. Skipping unneeded JARs during scanning can improve startup time and JSP compilation time.
2021-05-13 18:40:10.558  INFO 15224 --- [restartedMain] o.a.c.c.C.[.[localhost].[/miniFaceApp]   : Initializing Spring embedded WebApplicationContext
2021-05-13 18:40:10.559  INFO 15224 --- [restartedMain] w.s.c.ServletWebServerApplicationContext : Root WebApplicationContext: initialization completed in 285 ms
2021-05-13 18:40:10.589  INFO 15224 --- [restartedMain] o.hibernate.jpa.internal.util.LogHelper  : HHH000204: Processing PersistenceUnitInfo [name: default]
2021-05-13 18:40:10.592  INFO 15224 --- [restartedMain] com.zaxxer.hikari.HikariDataSource       : HikariPoolBooks - Starting...
2021-05-13 18:40:10.645  INFO 15224 --- [restartedMain] com.zaxxer.hikari.HikariDataSource       : HikariPoolBooks - Start completed.
2021-05-13 18:40:10.646  INFO 15224 --- [restartedMain] org.hibernate.dialect.Dialect            : HHH000400: Using dialect: org.hibernate.dialect.Oracle12cDialect
2021-05-13 18:40:11.097  INFO 15224 --- [restartedMain] o.h.e.t.j.p.i.JtaPlatformInitiator       : HHH000490: Using JtaPlatform implementation: [org.hibernate.engine.transaction.jta.platform.internal.NoJtaPlatform]
2021-05-13 18:40:11.097  INFO 15224 --- [restartedMain] j.LocalContainerEntityManagerFactoryBean : Initialized JPA EntityManagerFactory for persistence unit 'default'
2021-05-13 18:40:11.106  INFO 15224 --- [restartedMain] o.s.b.d.a.OptionalLiveReloadServer       : LiveReload server is running on port 35729
2021-05-13 18:40:11.274  WARN 15224 --- [restartedMain] JpaBaseConfiguration$JpaWebConfiguration : spring.jpa.open-in-view is enabled by default. Therefore, database queries may be performed during view rendering. Explicitly configure spring.jpa.open-in-view to disable this warning
2021-05-13 18:40:11.291  INFO 15224 --- [restartedMain] o.s.s.web.DefaultSecurityFilterChain     : Will secure any request with [org.springframework.security.web.context.request.async.WebAsyncManagerIntegrationFilter@366fb834, org.springframework.security.web.context.SecurityContextPersistenceFilter@5b8817ed, org.springframework.security.web.header.HeaderWriterFilter@39239b4a, org.springframework.security.web.authentication.logout.LogoutFilter@20143368, org.springframework.security.web.authentication.UsernamePasswordAuthenticationFilter@1b852036, org.springframework.security.web.savedrequest.RequestCacheAwareFilter@1ab357b8, org.springframework.security.web.servletapi.SecurityContextHolderAwareRequestFilter@3fef766f, org.springframework.security.web.authentication.AnonymousAuthenticationFilter@6d815083, org.springframework.security.web.session.SessionManagementFilter@2ee546d1, org.springframework.security.web.access.ExceptionTranslationFilter@51320905, org.springframework.security.web.access.intercept.FilterSecurityInterceptor@68352ed7]
2021-05-13 18:40:11.312  INFO 15224 --- [restartedMain] o.s.s.concurrent.ThreadPoolTaskExecutor  : Initializing ExecutorService 'applicationTaskExecutor'
2021-05-13 18:40:11.364  INFO 15224 --- [restartedMain] o.s.b.w.embedded.tomcat.TomcatWebServer  : Tomcat started on port(s): 8080 (http) with context path '/miniFaceApp'
2021-05-13 18:40:11.368  INFO 15224 --- [restartedMain] c.e.minifaceapp.MinifaceappApplication   : Started MinifaceappApplication in 1.111 seconds (JVM running for 713.842)
2021-05-13 18:40:11.369  INFO 15224 --- [restartedMain] .ConditionEvaluationDeltaLoggingListener : Condition evaluation unchanged
2021-05-13 18:40:22.254  INFO 15224 --- [Thread-212] o.s.s.concurrent.ThreadPoolTaskExecutor  : Shutting down ExecutorService 'applicationTaskExecutor'
2021-05-13 18:40:22.255  INFO 15224 --- [Thread-212] j.LocalContainerEntityManagerFactoryBean : Closing JPA EntityManagerFactory for persistence unit 'default'
2021-05-13 18:40:22.256  INFO 15224 --- [Thread-212] com.zaxxer.hikari.HikariDataSource       : HikariPoolBooks - Shutdown initiated...
2021-05-13 18:40:22.259  INFO 15224 --- [Thread-212] com.zaxxer.hikari.HikariDataSource       : HikariPoolBooks - Shutdown completed.
2021-05-13 18:40:22.330  INFO 15224 --- [restartedMain] c.e.minifaceapp.MinifaceappApplication   : Starting MinifaceappApplication using Java 11.0.10 on DESKTOP-OO5E1GI with PID 15224 (D:\eclipse-spring\minifaceapp\target\classes started by Darjan in D:\eclipse-spring\minifaceapp)
2021-05-13 18:40:22.330  INFO 15224 --- [restartedMain] c.e.minifaceapp.MinifaceappApplication   : No active profile set, falling back to default profiles: default
2021-05-13 18:40:22.480  INFO 15224 --- [restartedMain] .s.d.r.c.RepositoryConfigurationDelegate : Bootstrapping Spring Data JPA repositories in DEFAULT mode.
2021-05-13 18:40:22.503  INFO 15224 --- [restartedMain] .s.d.r.c.RepositoryConfigurationDelegate : Finished Spring Data repository scanning in 22 ms. Found 8 JPA repository interfaces.
2021-05-13 18:40:22.583  INFO 15224 --- [restartedMain] o.s.b.w.embedded.tomcat.TomcatWebServer  : Tomcat initialized with port(s): 8080 (http)
2021-05-13 18:40:22.583  INFO 15224 --- [restartedMain] o.apache.catalina.core.StandardService   : Starting service [Tomcat]
2021-05-13 18:40:22.583  INFO 15224 --- [restartedMain] org.apache.catalina.core.StandardEngine  : Starting Servlet engine: [Apache Tomcat/9.0.45]
2021-05-13 18:40:22.635  INFO 15224 --- [restartedMain] org.apache.jasper.servlet.TldScanner     : At least one JAR was scanned for TLDs yet contained no TLDs. Enable debug logging for this logger for a complete list of JARs that were scanned but no TLDs were found in them. Skipping unneeded JARs during scanning can improve startup time and JSP compilation time.
2021-05-13 18:40:22.636  INFO 15224 --- [restartedMain] o.a.c.c.C.[.[localhost].[/miniFaceApp]   : Initializing Spring embedded WebApplicationContext
2021-05-13 18:40:22.636  INFO 15224 --- [restartedMain] w.s.c.ServletWebServerApplicationContext : Root WebApplicationContext: initialization completed in 304 ms
2021-05-13 18:40:22.690  INFO 15224 --- [restartedMain] o.hibernate.jpa.internal.util.LogHelper  : HHH000204: Processing PersistenceUnitInfo [name: default]
2021-05-13 18:40:22.694  INFO 15224 --- [restartedMain] com.zaxxer.hikari.HikariDataSource       : HikariPoolBooks - Starting...
2021-05-13 18:40:22.769  INFO 15224 --- [restartedMain] com.zaxxer.hikari.HikariDataSource       : HikariPoolBooks - Start completed.
2021-05-13 18:40:22.769  INFO 15224 --- [restartedMain] org.hibernate.dialect.Dialect            : HHH000400: Using dialect: org.hibernate.dialect.Oracle12cDialect
2021-05-13 18:40:23.146  INFO 15224 --- [restartedMain] o.h.e.t.j.p.i.JtaPlatformInitiator       : HHH000490: Using JtaPlatform implementation: [org.hibernate.engine.transaction.jta.platform.internal.NoJtaPlatform]
2021-05-13 18:40:23.146  INFO 15224 --- [restartedMain] j.LocalContainerEntityManagerFactoryBean : Initialized JPA EntityManagerFactory for persistence unit 'default'
2021-05-13 18:40:23.153  INFO 15224 --- [restartedMain] o.s.b.d.a.OptionalLiveReloadServer       : LiveReload server is running on port 35729
2021-05-13 18:40:23.324  WARN 15224 --- [restartedMain] JpaBaseConfiguration$JpaWebConfiguration : spring.jpa.open-in-view is enabled by default. Therefore, database queries may be performed during view rendering. Explicitly configure spring.jpa.open-in-view to disable this warning
2021-05-13 18:40:23.342  INFO 15224 --- [restartedMain] o.s.s.web.DefaultSecurityFilterChain     : Will secure any request with [org.springframework.security.web.context.request.async.WebAsyncManagerIntegrationFilter@27ae4a65, org.springframework.security.web.context.SecurityContextPersistenceFilter@1542d042, org.springframework.security.web.header.HeaderWriterFilter@689a55fd, org.springframework.security.web.authentication.logout.LogoutFilter@7a521cdd, org.springframework.security.web.authentication.UsernamePasswordAuthenticationFilter@23a7bff4, org.springframework.security.web.savedrequest.RequestCacheAwareFilter@b80005f, org.springframework.security.web.servletapi.SecurityContextHolderAwareRequestFilter@310f996f, org.springframework.security.web.authentication.AnonymousAuthenticationFilter@3b2d0450, org.springframework.security.web.session.SessionManagementFilter@44c192e9, org.springframework.security.web.access.ExceptionTranslationFilter@54e946ab, org.springframework.security.web.access.intercept.FilterSecurityInterceptor@d4f0232]
2021-05-13 18:40:23.369  INFO 15224 --- [restartedMain] o.s.s.concurrent.ThreadPoolTaskExecutor  : Initializing ExecutorService 'applicationTaskExecutor'
2021-05-13 18:40:23.416  INFO 15224 --- [restartedMain] o.s.b.w.embedded.tomcat.TomcatWebServer  : Tomcat started on port(s): 8080 (http) with context path '/miniFaceApp'
2021-05-13 18:40:23.419  INFO 15224 --- [restartedMain] c.e.minifaceapp.MinifaceappApplication   : Started MinifaceappApplication in 1.103 seconds (JVM running for 725.893)
2021-05-13 18:40:23.420  INFO 15224 --- [restartedMain] .ConditionEvaluationDeltaLoggingListener : Condition evaluation unchanged
2021-05-13 18:40:50.733  INFO 15224 --- [Thread-218] o.s.s.concurrent.ThreadPoolTaskExecutor  : Shutting down ExecutorService 'applicationTaskExecutor'
2021-05-13 18:40:50.735  INFO 15224 --- [Thread-218] j.LocalContainerEntityManagerFactoryBean : Closing JPA EntityManagerFactory for persistence unit 'default'
2021-05-13 18:40:50.735  INFO 15224 --- [Thread-218] com.zaxxer.hikari.HikariDataSource       : HikariPoolBooks - Shutdown initiated...
2021-05-13 18:40:50.740  INFO 15224 --- [Thread-218] com.zaxxer.hikari.HikariDataSource       : HikariPoolBooks - Shutdown completed.
2021-05-13 18:40:50.829  INFO 15224 --- [restartedMain] c.e.minifaceapp.MinifaceappApplication   : Starting MinifaceappApplication using Java 11.0.10 on DESKTOP-OO5E1GI with PID 15224 (D:\eclipse-spring\minifaceapp\target\classes started by Darjan in D:\eclipse-spring\minifaceapp)
2021-05-13 18:40:50.829  INFO 15224 --- [restartedMain] c.e.minifaceapp.MinifaceappApplication   : No active profile set, falling back to default profiles: default
2021-05-13 18:40:50.974  INFO 15224 --- [restartedMain] .s.d.r.c.RepositoryConfigurationDelegate : Bootstrapping Spring Data JPA repositories in DEFAULT mode.
2021-05-13 18:40:50.997  INFO 15224 --- [restartedMain] .s.d.r.c.RepositoryConfigurationDelegate : Finished Spring Data repository scanning in 23 ms. Found 8 JPA repository interfaces.
2021-05-13 18:40:51.078  INFO 15224 --- [restartedMain] o.s.b.w.embedded.tomcat.TomcatWebServer  : Tomcat initialized with port(s): 8080 (http)
2021-05-13 18:40:51.079  INFO 15224 --- [restartedMain] o.apache.catalina.core.StandardService   : Starting service [Tomcat]
2021-05-13 18:40:51.079  INFO 15224 --- [restartedMain] org.apache.catalina.core.StandardEngine  : Starting Servlet engine: [Apache Tomcat/9.0.45]
2021-05-13 18:40:51.131  INFO 15224 --- [restartedMain] org.apache.jasper.servlet.TldScanner     : At least one JAR was scanned for TLDs yet contained no TLDs. Enable debug logging for this logger for a complete list of JARs that were scanned but no TLDs were found in them. Skipping unneeded JARs during scanning can improve startup time and JSP compilation time.
2021-05-13 18:40:51.132  INFO 15224 --- [restartedMain] o.a.c.c.C.[.[localhost].[/miniFaceApp]   : Initializing Spring embedded WebApplicationContext
2021-05-13 18:40:51.133  INFO 15224 --- [restartedMain] w.s.c.ServletWebServerApplicationContext : Root WebApplicationContext: initialization completed in 302 ms
2021-05-13 18:40:51.167  INFO 15224 --- [restartedMain] o.hibernate.jpa.internal.util.LogHelper  : HHH000204: Processing PersistenceUnitInfo [name: default]
2021-05-13 18:40:51.171  INFO 15224 --- [restartedMain] com.zaxxer.hikari.HikariDataSource       : HikariPoolBooks - Starting...
2021-05-13 18:40:51.225  INFO 15224 --- [restartedMain] com.zaxxer.hikari.HikariDataSource       : HikariPoolBooks - Start completed.
2021-05-13 18:40:51.225  INFO 15224 --- [restartedMain] org.hibernate.dialect.Dialect            : HHH000400: Using dialect: org.hibernate.dialect.Oracle12cDialect
2021-05-13 18:40:51.593  INFO 15224 --- [restartedMain] o.h.e.t.j.p.i.JtaPlatformInitiator       : HHH000490: Using JtaPlatform implementation: [org.hibernate.engine.transaction.jta.platform.internal.NoJtaPlatform]
2021-05-13 18:40:51.593  INFO 15224 --- [restartedMain] j.LocalContainerEntityManagerFactoryBean : Initialized JPA EntityManagerFactory for persistence unit 'default'
2021-05-13 18:40:51.602  INFO 15224 --- [restartedMain] o.s.b.d.a.OptionalLiveReloadServer       : LiveReload server is running on port 35729
2021-05-13 18:40:51.763  WARN 15224 --- [restartedMain] JpaBaseConfiguration$JpaWebConfiguration : spring.jpa.open-in-view is enabled by default. Therefore, database queries may be performed during view rendering. Explicitly configure spring.jpa.open-in-view to disable this warning
2021-05-13 18:40:51.779  INFO 15224 --- [restartedMain] o.s.s.web.DefaultSecurityFilterChain     : Will secure any request with [org.springframework.security.web.context.request.async.WebAsyncManagerIntegrationFilter@67a6263e, org.springframework.security.web.context.SecurityContextPersistenceFilter@934a8b3, org.springframework.security.web.header.HeaderWriterFilter@2cdfe9ba, org.springframework.security.web.authentication.logout.LogoutFilter@65cae55b, org.springframework.security.web.authentication.UsernamePasswordAuthenticationFilter@100cdcdd, org.springframework.security.web.savedrequest.RequestCacheAwareFilter@32e63a4c, org.springframework.security.web.servletapi.SecurityContextHolderAwareRequestFilter@61278793, org.springframework.security.web.authentication.AnonymousAuthenticationFilter@34de607c, org.springframework.security.web.session.SessionManagementFilter@752ba673, org.springframework.security.web.access.ExceptionTranslationFilter@7c78e223, org.springframework.security.web.access.intercept.FilterSecurityInterceptor@77adb3b8]
2021-05-13 18:40:51.806  INFO 15224 --- [restartedMain] o.s.s.concurrent.ThreadPoolTaskExecutor  : Initializing ExecutorService 'applicationTaskExecutor'
2021-05-13 18:40:51.853  INFO 15224 --- [restartedMain] o.s.b.w.embedded.tomcat.TomcatWebServer  : Tomcat started on port(s): 8080 (http) with context path '/miniFaceApp'
2021-05-13 18:40:51.856  INFO 15224 --- [restartedMain] c.e.minifaceapp.MinifaceappApplication   : Started MinifaceappApplication in 1.05 seconds (JVM running for 754.33)
2021-05-13 18:40:51.857  INFO 15224 --- [restartedMain] .ConditionEvaluationDeltaLoggingListener : Condition evaluation unchanged
2021-05-13 18:40:53.687  INFO 15224 --- [http-nio-8080-exec-1] o.a.c.c.C.[.[localhost].[/miniFaceApp]   : Initializing Spring DispatcherServlet 'dispatcherServlet'
2021-05-13 18:40:53.688  INFO 15224 --- [http-nio-8080-exec-1] o.s.web.servlet.DispatcherServlet        : Initializing Servlet 'dispatcherServlet'
2021-05-13 18:40:53.688  INFO 15224 --- [http-nio-8080-exec-1] o.s.web.servlet.DispatcherServlet        : Completed initialization in 0 ms
